<?xml version="1.0" encoding="UTF-8"?>
<!-- Generated by org.testng.reporters.JUnitXMLReporter -->
<testsuite ignored="13" hostname="jnetlap122" failures="2" tests="2" name="Test" time="111.591" errors="0" timestamp="2021-07-07T11:10:09 IST">
  <testcase classname="org.Adyen.utilities.BaseClass" name="@AfterClass Logout" time="0.01">
    <failure type="org.openqa.selenium.NoSuchWindowException" message="no such window: target window already closed
from unknown error: web view not found
  (Session info: chrome=91.0.4472.124)
Build info: version: &amp;apos;3.141.59&amp;apos;, revision: &amp;apos;e82be7d358&amp;apos;, time: &amp;apos;2018-11-14T08:17:03&amp;apos;
System info: host: &amp;apos;JNETLAP122&amp;apos;, ip: &amp;apos;192.168.43.70&amp;apos;, os.name: &amp;apos;Windows 8.1&amp;apos;, os.arch: &amp;apos;amd64&amp;apos;, os.version: &amp;apos;6.3&amp;apos;, java.version: &amp;apos;16.0.1&amp;apos;
Driver info: org.openqa.selenium.chrome.ChromeDriver
Capabilities {acceptInsecureCerts: false, browserName: chrome, browserVersion: 91.0.4472.124, chrome: {chromedriverVersion: 90.0.4430.24 (4c6d850f087da..., userDataDir: C:\Users\jnet\AppData\Local...}, goog:chromeOptions: {debuggerAddress: localhost:61669}, javascriptEnabled: true, networkConnectionEnabled: false, pageLoadStrategy: normal, platform: WINDOWS, platformName: WINDOWS, proxy: Proxy(), setWindowRect: true, strictFileInteractability: false, timeouts: {implicit: 0, pageLoad: 300000, script: 30000}, unhandledPromptBehavior: dismiss and notify, webauthn:extension:largeBlob: true, webauthn:virtualAuthenticators: true}
Session ID: fe24be8963f69c39c55b361635aaecac
*** Element info: {Using=xpath, value=(//div[contains(@class,&amp;apos;1R6RzeGBKgpu7PjhkbUDBM &amp;apos;)]/button)[1]}">
      <![CDATA[org.openqa.selenium.NoSuchWindowException: no such window: target window already closed
from unknown error: web view not found
  (Session info: chrome=91.0.4472.124)
Build info: version: '3.141.59', revision: 'e82be7d358', time: '2018-11-14T08:17:03'
System info: host: 'JNETLAP122', ip: '192.168.43.70', os.name: 'Windows 8.1', os.arch: 'amd64', os.version: '6.3', java.version: '16.0.1'
Driver info: org.openqa.selenium.chrome.ChromeDriver
Capabilities {acceptInsecureCerts: false, browserName: chrome, browserVersion: 91.0.4472.124, chrome: {chromedriverVersion: 90.0.4430.24 (4c6d850f087da..., userDataDir: C:\Users\jnet\AppData\Local...}, goog:chromeOptions: {debuggerAddress: localhost:61669}, javascriptEnabled: true, networkConnectionEnabled: false, pageLoadStrategy: normal, platform: WINDOWS, platformName: WINDOWS, proxy: Proxy(), setWindowRect: true, strictFileInteractability: false, timeouts: {implicit: 0, pageLoad: 300000, script: 30000}, unhandledPromptBehavior: dismiss and notify, webauthn:extension:largeBlob: true, webauthn:virtualAuthenticators: true}
Session ID: fe24be8963f69c39c55b361635aaecac
*** Element info: {Using=xpath, value=(//div[contains(@class,'1R6RzeGBKgpu7PjhkbUDBM ')]/button)[1]}
at org.openqa.selenium.remote.http.W3CHttpResponseCodec.createException(W3CHttpResponseCodec.java:187)
at org.openqa.selenium.remote.http.W3CHttpResponseCodec.decode(W3CHttpResponseCodec.java:122)
at org.openqa.selenium.remote.http.W3CHttpResponseCodec.decode(W3CHttpResponseCodec.java:49)
at org.openqa.selenium.remote.HttpCommandExecutor.execute(HttpCommandExecutor.java:158)
at org.openqa.selenium.remote.service.DriverCommandExecutor.execute(DriverCommandExecutor.java:83)
at org.openqa.selenium.remote.RemoteWebDriver.execute(RemoteWebDriver.java:552)
at org.openqa.selenium.remote.RemoteWebDriver.findElement(RemoteWebDriver.java:323)
at org.openqa.selenium.remote.RemoteWebDriver.findElementByXPath(RemoteWebDriver.java:428)
at org.openqa.selenium.By$ByXPath.findElement(By.java:353)
at org.openqa.selenium.remote.RemoteWebDriver.findElement(RemoteWebDriver.java:315)
at org.Adyen.utilities.BaseClass.Logout(BaseClass.java:69)
at java.base/java.util.ArrayList.forEach(ArrayList.java:1511)
... Removed 34 stack frames]]>
    </failure>
  </testcase> <!-- @AfterClass Logout -->
  <testcase classname="org.Adyen.Testscripts.RefillUsingMasterCardWithoutSavingDetails_TC001" name="testRefillUsingMasterCardWithoutSavingDetails_TC001" time="78.555">
    <failure type="org.openqa.selenium.NoSuchElementException" message="Cannot locate an element using xpath=//div[contains(text(),&amp;apos;Validation OK&amp;apos;)]
For documentation on this error, please visit: https://www.seleniumhq.org/exceptions/no_such_element.html
Build info: version: &amp;apos;3.141.59&amp;apos;, revision: &amp;apos;e82be7d358&amp;apos;, time: &amp;apos;2018-11-14T08:17:03&amp;apos;
System info: host: &amp;apos;JNETLAP122&amp;apos;, ip: &amp;apos;192.168.43.70&amp;apos;, os.name: &amp;apos;Windows 8.1&amp;apos;, os.arch: &amp;apos;amd64&amp;apos;, os.version: &amp;apos;6.3&amp;apos;, java.version: &amp;apos;16.0.1&amp;apos;
Driver info: driver.version: RemoteWebDriver">
      <![CDATA[org.openqa.selenium.NoSuchElementException: Cannot locate an element using xpath=//div[contains(text(),'Validation OK')]
For documentation on this error, please visit: https://www.seleniumhq.org/exceptions/no_such_element.html
Build info: version: '3.141.59', revision: 'e82be7d358', time: '2018-11-14T08:17:03'
System info: host: 'JNETLAP122', ip: '192.168.43.70', os.name: 'Windows 8.1', os.arch: 'amd64', os.version: '6.3', java.version: '16.0.1'
Driver info: driver.version: RemoteWebDriver
at org.openqa.selenium.remote.RemoteWebDriver.findElement(RemoteWebDriver.java:327)
at org.openqa.selenium.remote.RemoteWebDriver.findElementByXPath(RemoteWebDriver.java:428)
at org.openqa.selenium.By$ByXPath.findElement(By.java:353)
at org.openqa.selenium.remote.RemoteWebDriver.findElement(RemoteWebDriver.java:315)
at org.Adyen.Testscripts.RefillUsingMasterCardWithoutSavingDetails_TC001.testRefillUsingMasterCardWithoutSavingDetails_TC001(RefillUsingMasterCardWithoutSavingDetails_TC001.java:51)
at java.base/java.util.ArrayList.forEach(ArrayList.java:1511)
... Removed 31 stack frames]]>
    </failure>
  </testcase> <!-- testRefillUsingMasterCardWithoutSavingDetails_TC001 -->
  <testcase classname="org.Adyen.Testscripts.RefillUsingMasterCardWithoutSavingDetails_TC001" name="testRefillUsingMasterCardWithoutSavingDetails_TC001" time="79.097">
    <failure type="org.openqa.selenium.NoSuchWindowException" message="no such window: target window already closed
from unknown error: web view not found
  (Session info: chrome=91.0.4472.124)
Build info: version: &amp;apos;3.141.59&amp;apos;, revision: &amp;apos;e82be7d358&amp;apos;, time: &amp;apos;2018-11-14T08:17:03&amp;apos;
System info: host: &amp;apos;JNETLAP122&amp;apos;, ip: &amp;apos;192.168.43.70&amp;apos;, os.name: &amp;apos;Windows 8.1&amp;apos;, os.arch: &amp;apos;amd64&amp;apos;, os.version: &amp;apos;6.3&amp;apos;, java.version: &amp;apos;16.0.1&amp;apos;
Driver info: org.openqa.selenium.chrome.ChromeDriver
Capabilities {acceptInsecureCerts: false, browserName: chrome, browserVersion: 91.0.4472.124, chrome: {chromedriverVersion: 90.0.4430.24 (4c6d850f087da..., userDataDir: C:\Users\jnet\AppData\Local...}, goog:chromeOptions: {debuggerAddress: localhost:61669}, javascriptEnabled: true, networkConnectionEnabled: false, pageLoadStrategy: normal, platform: WINDOWS, platformName: WINDOWS, proxy: Proxy(), setWindowRect: true, strictFileInteractability: false, timeouts: {implicit: 0, pageLoad: 300000, script: 30000}, unhandledPromptBehavior: dismiss and notify, webauthn:extension:largeBlob: true, webauthn:virtualAuthenticators: true}
Session ID: fe24be8963f69c39c55b361635aaecac">
      <![CDATA[org.openqa.selenium.NoSuchWindowException: no such window: target window already closed
from unknown error: web view not found
  (Session info: chrome=91.0.4472.124)
Build info: version: '3.141.59', revision: 'e82be7d358', time: '2018-11-14T08:17:03'
System info: host: 'JNETLAP122', ip: '192.168.43.70', os.name: 'Windows 8.1', os.arch: 'amd64', os.version: '6.3', java.version: '16.0.1'
Driver info: org.openqa.selenium.chrome.ChromeDriver
Capabilities {acceptInsecureCerts: false, browserName: chrome, browserVersion: 91.0.4472.124, chrome: {chromedriverVersion: 90.0.4430.24 (4c6d850f087da..., userDataDir: C:\Users\jnet\AppData\Local...}, goog:chromeOptions: {debuggerAddress: localhost:61669}, javascriptEnabled: true, networkConnectionEnabled: false, pageLoadStrategy: normal, platform: WINDOWS, platformName: WINDOWS, proxy: Proxy(), setWindowRect: true, strictFileInteractability: false, timeouts: {implicit: 0, pageLoad: 300000, script: 30000}, unhandledPromptBehavior: dismiss and notify, webauthn:extension:largeBlob: true, webauthn:virtualAuthenticators: true}
Session ID: fe24be8963f69c39c55b361635aaecac
at org.openqa.selenium.remote.http.W3CHttpResponseCodec.createException(W3CHttpResponseCodec.java:187)
at org.openqa.selenium.remote.http.W3CHttpResponseCodec.decode(W3CHttpResponseCodec.java:122)
at org.openqa.selenium.remote.http.W3CHttpResponseCodec.decode(W3CHttpResponseCodec.java:49)
at org.openqa.selenium.remote.HttpCommandExecutor.execute(HttpCommandExecutor.java:158)
at org.openqa.selenium.remote.service.DriverCommandExecutor.execute(DriverCommandExecutor.java:83)
at org.openqa.selenium.remote.RemoteWebDriver.execute(RemoteWebDriver.java:552)
at org.openqa.selenium.remote.RemoteWebDriver.execute(RemoteWebDriver.java:609)
at org.openqa.selenium.remote.RemoteWebDriver.getScreenshotAs(RemoteWebDriver.java:295)
at org.openqa.selenium.support.events.EventFiringWebDriver.lambda$new$1(EventFiringWebDriver.java:105)
at jdk.proxy2/jdk.proxy2.$Proxy13.getScreenshotAs(Unknown Source)
at org.openqa.selenium.support.events.EventFiringWebDriver.getScreenshotAs(EventFiringWebDriver.java:302)
at org.Adyen.utilities.GenerateReport.onTestFailure(GenerateReport.java:59)
at java.base/java.util.ArrayList.forEach(ArrayList.java:1511)
... Removed 37 stack frames]]>
    </failure>
  </testcase> <!-- testRefillUsingMasterCardWithoutSavingDetails_TC001 -->
  <testcase classname="org.Adyen.utilities.BaseClass" name="@BeforeSuite OpenBrowser" time="0.0">
    <ignored/>
  </testcase> <!-- @BeforeSuite OpenBrowser -->
  <testcase classname="org.Adyen.utilities.BaseClass" name="@BeforeSuite OpenBrowser" time="0.0">
    <ignored/>
  </testcase> <!-- @BeforeSuite OpenBrowser -->
  <testcase classname="org.Adyen.utilities.BaseClass" name="@BeforeSuite OpenBrowser" time="0.0">
    <ignored/>
  </testcase> <!-- @BeforeSuite OpenBrowser -->
  <testcase classname="org.Adyen.utilities.BaseClass" name="@BeforeSuite OpenBrowser" time="0.0">
    <ignored/>
  </testcase> <!-- @BeforeSuite OpenBrowser -->
  <testcase classname="org.Adyen.utilities.BaseClass" name="@BeforeSuite OpenBrowser" time="0.0">
    <ignored/>
  </testcase> <!-- @BeforeSuite OpenBrowser -->
  <testcase classname="org.Adyen.utilities.BaseClass" name="@BeforeSuite OpenBrowser" time="0.0">
    <ignored/>
  </testcase> <!-- @BeforeSuite OpenBrowser -->
  <testcase classname="org.Adyen.utilities.BaseClass" name="@BeforeSuite OpenBrowser" time="0.0">
    <ignored/>
  </testcase> <!-- @BeforeSuite OpenBrowser -->
  <testcase classname="org.Adyen.utilities.BaseClass" name="@BeforeSuite OpenBrowser" time="0.0">
    <ignored/>
  </testcase> <!-- @BeforeSuite OpenBrowser -->
  <testcase classname="org.Adyen.utilities.BaseClass" name="@BeforeSuite OpenBrowser" time="0.0">
    <ignored/>
  </testcase> <!-- @BeforeSuite OpenBrowser -->
  <testcase classname="org.Adyen.utilities.BaseClass" name="@BeforeSuite OpenBrowser" time="0.0">
    <ignored/>
  </testcase> <!-- @BeforeSuite OpenBrowser -->
  <testcase classname="org.Adyen.utilities.BaseClass" name="@BeforeSuite OpenBrowser" time="0.0">
    <ignored/>
  </testcase> <!-- @BeforeSuite OpenBrowser -->
  <testcase classname="org.Adyen.utilities.BaseClass" name="@BeforeSuite OpenBrowser" time="0.0">
    <ignored/>
  </testcase> <!-- @BeforeSuite OpenBrowser -->
  <testcase classname="org.Adyen.utilities.BaseClass" name="@BeforeSuite OpenBrowser" time="0.0">
    <ignored/>
  </testcase> <!-- @BeforeSuite OpenBrowser -->
</testsuite> <!-- Test -->
