<?xml version="1.0" encoding="UTF-8"?>
<!-- Generated by org.testng.reporters.JUnitXMLReporter -->
<testsuite ignored="19" hostname="jnetlap122" failures="1" tests="20" name="Test" time="1856.804" errors="0" timestamp="2021-07-22T11:35:00 IST">
  <testcase classname="org.Adyen.Testscripts.RefillUsingMasterCardWithoutSavingDetails_TC001" name="testRefillUsingMasterCardWithoutSavingDetails_TC001" time="65.867"/>
  <testcase classname="org.Adyen.Testscripts.RefillUsingMasterCardWithSavingDetails_TC002" name="testRefillUsingMasterCardWithSavingDetails_TC002" time="60.886"/>
  <testcase classname="org.Adyen.Testscripts.RefillAccountUsingSavedMasterCardDetails_TC003" name="testRefillAccountUsingSavedMasterCardDetails_TC003" time="27.075"/>
  <testcase classname="org.Adyen.Testscripts.ChecoutForSubscriptionOfPhoneNumberUsingMasterCard_TC0019" name="testChecoutForSubscriptionOfPhoneNumberUsingMasterCard_TC0019" time="86.906"/>
  <testcase classname="org.Adyen.Testscripts.ValidatingSavedMasterPaymentMethods_TC007" name="testValidatingMasterCardPaymentMethods" time="43.191"/>
  <testcase classname="org.Adyen.Testscripts.RefiilAccountUsingPayPalDetails_TC004" name="testRefiilAccountUsingPayPalDetails_TC004" time="77.616"/>
  <testcase classname="org.Adyen.Testscripts.RefillAccountUsingSavedPayPalDetails_TC005" name="testRefillAccountUsingSavedPayPalDetails_TC005" time="31.541"/>
  <testcase classname="org.Adyen.Testscripts.ChecoutForSubscriptionOfPhoneNumberUsingPayPal_TC0020" name="testChecoutForSubscriptionOfPhoneNumberUsingPayPal" time="88.086"/>
  <testcase classname="org.Adyen.Testscripts.ValidatingSavedPayPalMethod_TC0016" name="testValidatingPaypalPaymentMethods" time="13.536"/>
  <testcase classname="org.Adyen.Testscripts.RefillAccountUsingSavedGpayDetails_TC006" name="testRefillAccountUsingSavedGpayDetails_TC006" time="33.945"/>
  <testcase classname="org.Adyen.Testscripts.ChecoutForSubscriptionOfPhoneNumberUsingGpay_TC0013" name="testChecoutForSubscriptionOfPhoneNumberUsingGpay_TC0013" time="80.787"/>
  <testcase classname="org.Adyen.Testscripts.ValidatingSavedGpayMethod_TC0015" name="testValidatingSavedGPayMethod_TC0015" time="14.739"/>
  <testcase classname="org.Adyen.Testscripts.PurchasingPhonenumber_TC0012" name="testPurchasingPhonenumber_TC0012" time="55.698"/>
  <testcase classname="org.Adyen.Testscripts.RefillUsingAuthorisedAliPayPaymentMethod_TC0017" name="testRefillUsingAuthorisedAliPayPaymentMethod_TC0017" time="61.829"/>
  <testcase classname="org.Adyen.Testscripts.ChecoutForSubscriptionOfPhoneNumberUsingAliPayAuthorisedPayment_TC0021" name="testChecoutForSubscriptionOfPhoneNumberUsingAliPayAuthorisedPayment_TC0021" time="89.914"/>
  <testcase classname="org.Adyen.Testscripts.RefillUsingAuthorisedDelayedPayments_TC0018" name="testRefillUsingAuthorisedDelayedPayments_TC0018" time="143.311"/>
  <testcase classname="org.Adyen.Testscripts.ChecoutForSubscriptionOfPhoneNumberUsingAliPayDelayedPayment_TC0022" name="testChecoutForSubscriptionOfPhoneNumberUsingAliPayDelayedPayment_TC0022" time="85.39">
    <failure type="org.openqa.selenium.NoSuchElementException" message="no such element: Unable to locate element: {&amp;quot;method&amp;quot;:&amp;quot;xpath&amp;quot;,&amp;quot;selector&amp;quot;:&amp;quot;//button[contains(text(),&amp;apos;Proceed to checkout&amp;apos;)]&amp;quot;}
  (Session info: chrome=91.0.4472.164)
For documentation on this error, please visit: https://www.seleniumhq.org/exceptions/no_such_element.html
Build info: version: &amp;apos;3.141.59&amp;apos;, revision: &amp;apos;e82be7d358&amp;apos;, time: &amp;apos;2018-11-14T08:17:03&amp;apos;
System info: host: &amp;apos;JNETLAP122&amp;apos;, ip: &amp;apos;192.168.1.53&amp;apos;, os.name: &amp;apos;Windows 8.1&amp;apos;, os.arch: &amp;apos;amd64&amp;apos;, os.version: &amp;apos;6.3&amp;apos;, java.version: &amp;apos;16.0.1&amp;apos;
Driver info: org.openqa.selenium.chrome.ChromeDriver
Capabilities {acceptInsecureCerts: false, browserName: chrome, browserVersion: 91.0.4472.164, chrome: {chromedriverVersion: 90.0.4430.24 (4c6d850f087da..., userDataDir: C:\Users\jnet\AppData\Local...}, goog:chromeOptions: {debuggerAddress: localhost:55181}, javascriptEnabled: true, networkConnectionEnabled: false, pageLoadStrategy: normal, platform: WINDOWS, platformName: WINDOWS, proxy: Proxy(), setWindowRect: true, strictFileInteractability: false, timeouts: {implicit: 0, pageLoad: 300000, script: 30000}, unhandledPromptBehavior: dismiss and notify, webauthn:extension:largeBlob: true, webauthn:virtualAuthenticators: true}
Session ID: 623f54da8bf273a6362743149035d592
*** Element info: {Using=xpath, value=//button[contains(text(),&amp;apos;Proceed to checkout&amp;apos;)]}">
      <![CDATA[org.openqa.selenium.NoSuchElementException: no such element: Unable to locate element: {"method":"xpath","selector":"//button[contains(text(),'Proceed to checkout')]"}
  (Session info: chrome=91.0.4472.164)
For documentation on this error, please visit: https://www.seleniumhq.org/exceptions/no_such_element.html
Build info: version: '3.141.59', revision: 'e82be7d358', time: '2018-11-14T08:17:03'
System info: host: 'JNETLAP122', ip: '192.168.1.53', os.name: 'Windows 8.1', os.arch: 'amd64', os.version: '6.3', java.version: '16.0.1'
Driver info: org.openqa.selenium.chrome.ChromeDriver
Capabilities {acceptInsecureCerts: false, browserName: chrome, browserVersion: 91.0.4472.164, chrome: {chromedriverVersion: 90.0.4430.24 (4c6d850f087da..., userDataDir: C:\Users\jnet\AppData\Local...}, goog:chromeOptions: {debuggerAddress: localhost:55181}, javascriptEnabled: true, networkConnectionEnabled: false, pageLoadStrategy: normal, platform: WINDOWS, platformName: WINDOWS, proxy: Proxy(), setWindowRect: true, strictFileInteractability: false, timeouts: {implicit: 0, pageLoad: 300000, script: 30000}, unhandledPromptBehavior: dismiss and notify, webauthn:extension:largeBlob: true, webauthn:virtualAuthenticators: true}
Session ID: 623f54da8bf273a6362743149035d592
*** Element info: {Using=xpath, value=//button[contains(text(),'Proceed to checkout')]}
at org.openqa.selenium.remote.http.W3CHttpResponseCodec.createException(W3CHttpResponseCodec.java:187)
at org.openqa.selenium.remote.http.W3CHttpResponseCodec.decode(W3CHttpResponseCodec.java:122)
at org.openqa.selenium.remote.http.W3CHttpResponseCodec.decode(W3CHttpResponseCodec.java:49)
at org.openqa.selenium.remote.HttpCommandExecutor.execute(HttpCommandExecutor.java:158)
at org.openqa.selenium.remote.service.DriverCommandExecutor.execute(DriverCommandExecutor.java:83)
at org.openqa.selenium.remote.RemoteWebDriver.execute(RemoteWebDriver.java:552)
at org.openqa.selenium.remote.RemoteWebDriver.findElement(RemoteWebDriver.java:323)
at org.openqa.selenium.remote.RemoteWebDriver.findElementByXPath(RemoteWebDriver.java:428)
at org.openqa.selenium.By$ByXPath.findElement(By.java:353)
at org.openqa.selenium.remote.RemoteWebDriver.findElement(RemoteWebDriver.java:315)
at org.openqa.selenium.support.pagefactory.DefaultElementLocator.findElement(DefaultElementLocator.java:69)
at org.openqa.selenium.support.pagefactory.internal.LocatingElementHandler.invoke(LocatingElementHandler.java:38)
at jdk.proxy2/jdk.proxy2.$Proxy11.click(Unknown Source)
at org.Adyen.webpages.PhoneNumberSectionPageWebElements.ClickOnProceedToCheckOutButton(PhoneNumberSectionPageWebElements.java:146)
at org.Adyen.Testscripts.ChecoutForSubscriptionOfPhoneNumberUsingAliPayDelayedPayment_TC0022.testChecoutForSubscriptionOfPhoneNumberUsingAliPayDelayedPayment_TC0022(ChecoutForSubscriptionOfPhoneNumberUsingAliPayDelayedPayment_TC0022.java:52)
at java.base/java.util.ArrayList.forEach(ArrayList.java:1511)
... Removed 36 stack frames]]>
    </failure>
  </testcase> <!-- testChecoutForSubscriptionOfPhoneNumberUsingAliPayDelayedPayment_TC0022 -->
  <testcase classname="org.Adyen.Testscripts.CapturingPaymentReceipts_TC0010" name="testCapturingPaymentReceipts_TC0010" time="21.267"/>
  <testcase classname="org.Adyen.Testscripts.DeleteSavedMasterCardDetails_TC008" name="testDeleteSavedMasterCardDetails_TC008" time="23.803"/>
  <testcase classname="org.Adyen.Testscripts.DeleteSavedPayPalDetails_TC009" name="testDeletingSavedPayPalDetails_TC0011" time="26.459"/>
  <testcase classname="org.Adyen.utilities.BaseClass" name="@BeforeSuite OpenBrowser" time="0.0">
    <ignored/>
  </testcase> <!-- @BeforeSuite OpenBrowser -->
  <testcase classname="org.Adyen.utilities.BaseClass" name="@BeforeSuite OpenBrowser" time="0.0">
    <ignored/>
  </testcase> <!-- @BeforeSuite OpenBrowser -->
  <testcase classname="org.Adyen.utilities.BaseClass" name="@BeforeSuite OpenBrowser" time="0.0">
    <ignored/>
  </testcase> <!-- @BeforeSuite OpenBrowser -->
  <testcase classname="org.Adyen.utilities.BaseClass" name="@BeforeSuite OpenBrowser" time="0.0">
    <ignored/>
  </testcase> <!-- @BeforeSuite OpenBrowser -->
  <testcase classname="org.Adyen.utilities.BaseClass" name="@BeforeSuite OpenBrowser" time="0.0">
    <ignored/>
  </testcase> <!-- @BeforeSuite OpenBrowser -->
  <testcase classname="org.Adyen.utilities.BaseClass" name="@BeforeSuite OpenBrowser" time="0.0">
    <ignored/>
  </testcase> <!-- @BeforeSuite OpenBrowser -->
  <testcase classname="org.Adyen.utilities.BaseClass" name="@BeforeSuite OpenBrowser" time="0.0">
    <ignored/>
  </testcase> <!-- @BeforeSuite OpenBrowser -->
  <testcase classname="org.Adyen.utilities.BaseClass" name="@BeforeSuite OpenBrowser" time="0.0">
    <ignored/>
  </testcase> <!-- @BeforeSuite OpenBrowser -->
  <testcase classname="org.Adyen.utilities.BaseClass" name="@BeforeSuite OpenBrowser" time="0.0">
    <ignored/>
  </testcase> <!-- @BeforeSuite OpenBrowser -->
  <testcase classname="org.Adyen.utilities.BaseClass" name="@BeforeSuite OpenBrowser" time="0.0">
    <ignored/>
  </testcase> <!-- @BeforeSuite OpenBrowser -->
  <testcase classname="org.Adyen.utilities.BaseClass" name="@BeforeSuite OpenBrowser" time="0.0">
    <ignored/>
  </testcase> <!-- @BeforeSuite OpenBrowser -->
  <testcase classname="org.Adyen.utilities.BaseClass" name="@BeforeSuite OpenBrowser" time="0.0">
    <ignored/>
  </testcase> <!-- @BeforeSuite OpenBrowser -->
  <testcase classname="org.Adyen.utilities.BaseClass" name="@BeforeSuite OpenBrowser" time="0.0">
    <ignored/>
  </testcase> <!-- @BeforeSuite OpenBrowser -->
  <testcase classname="org.Adyen.utilities.BaseClass" name="@BeforeSuite OpenBrowser" time="0.0">
    <ignored/>
  </testcase> <!-- @BeforeSuite OpenBrowser -->
  <testcase classname="org.Adyen.utilities.BaseClass" name="@BeforeSuite OpenBrowser" time="0.0">
    <ignored/>
  </testcase> <!-- @BeforeSuite OpenBrowser -->
  <testcase classname="org.Adyen.utilities.BaseClass" name="@BeforeSuite OpenBrowser" time="0.0">
    <ignored/>
  </testcase> <!-- @BeforeSuite OpenBrowser -->
  <testcase classname="org.Adyen.utilities.BaseClass" name="@BeforeSuite OpenBrowser" time="0.0">
    <ignored/>
  </testcase> <!-- @BeforeSuite OpenBrowser -->
  <testcase classname="org.Adyen.utilities.BaseClass" name="@BeforeSuite OpenBrowser" time="0.0">
    <ignored/>
  </testcase> <!-- @BeforeSuite OpenBrowser -->
  <testcase classname="org.Adyen.utilities.BaseClass" name="@BeforeSuite OpenBrowser" time="0.0">
    <ignored/>
  </testcase> <!-- @BeforeSuite OpenBrowser -->
</testsuite> <!-- Test -->
