<?xml version="1.0" encoding="UTF-8"?>
<testsuite xmlns:xsi="http://www.w3.org/2001/XMLSchema-instance" xsi:noNamespaceSchemaLocation="https://maven.apache.org/surefire/maven-surefire-plugin/xsd/surefire-test-report-3.0.xsd" version="3.0" name="TestSuite" time="1,862.967" tests="20" errors="0" skipped="0" failures="1">
  <properties>
    <property name="java.specification.version" value="16"/>
    <property name="webdriver.chrome.driver" value="C:\Varun\Workspace\AutomationTesting/drivers/chromedriver.exe"/>
    <property name="sun.cpu.isalist" value="amd64"/>
    <property name="sun.jnu.encoding" value="Cp1252"/>
    <property name="java.class.path" value="C:\Varun\Workspace\AutomationTesting\target\test-classes;C:\Varun\Workspace\AutomationTesting\target\classes;C:\Users\jnet\.m2\repository\junit\junit\4.11\junit-4.11.jar;C:\Users\jnet\.m2\repository\org\hamcrest\hamcrest-core\1.3\hamcrest-core-1.3.jar;C:\Users\jnet\.m2\repository\org\seleniumhq\selenium\selenium-java\3.141.59\selenium-java-3.141.59.jar;C:\Users\jnet\.m2\repository\org\seleniumhq\selenium\selenium-api\3.141.59\selenium-api-3.141.59.jar;C:\Users\jnet\.m2\repository\org\seleniumhq\selenium\selenium-chrome-driver\3.141.59\selenium-chrome-driver-3.141.59.jar;C:\Users\jnet\.m2\repository\org\seleniumhq\selenium\selenium-edge-driver\3.141.59\selenium-edge-driver-3.141.59.jar;C:\Users\jnet\.m2\repository\org\seleniumhq\selenium\selenium-firefox-driver\3.141.59\selenium-firefox-driver-3.141.59.jar;C:\Users\jnet\.m2\repository\org\seleniumhq\selenium\selenium-ie-driver\3.141.59\selenium-ie-driver-3.141.59.jar;C:\Users\jnet\.m2\repository\org\seleniumhq\selenium\selenium-opera-driver\3.141.59\selenium-opera-driver-3.141.59.jar;C:\Users\jnet\.m2\repository\org\seleniumhq\selenium\selenium-remote-driver\3.141.59\selenium-remote-driver-3.141.59.jar;C:\Users\jnet\.m2\repository\org\seleniumhq\selenium\selenium-safari-driver\3.141.59\selenium-safari-driver-3.141.59.jar;C:\Users\jnet\.m2\repository\org\seleniumhq\selenium\selenium-support\3.141.59\selenium-support-3.141.59.jar;C:\Users\jnet\.m2\repository\net\bytebuddy\byte-buddy\1.8.15\byte-buddy-1.8.15.jar;C:\Users\jnet\.m2\repository\org\apache\commons\commons-exec\1.3\commons-exec-1.3.jar;C:\Users\jnet\.m2\repository\com\google\guava\guava\25.0-jre\guava-25.0-jre.jar;C:\Users\jnet\.m2\repository\com\google\code\findbugs\jsr305\1.3.9\jsr305-1.3.9.jar;C:\Users\jnet\.m2\repository\org\checkerframework\checker-compat-qual\2.0.0\checker-compat-qual-2.0.0.jar;C:\Users\jnet\.m2\repository\com\google\errorprone\error_prone_annotations\2.1.3\error_prone_annotations-2.1.3.jar;C:\Users\jnet\.m2\repository\com\google\j2objc\j2objc-annotations\1.1\j2objc-annotations-1.1.jar;C:\Users\jnet\.m2\repository\org\codehaus\mojo\animal-sniffer-annotations\1.14\animal-sniffer-annotations-1.14.jar;C:\Users\jnet\.m2\repository\com\squareup\okhttp3\okhttp\3.11.0\okhttp-3.11.0.jar;C:\Users\jnet\.m2\repository\com\squareup\okio\okio\1.14.0\okio-1.14.0.jar;C:\Users\jnet\.m2\repository\org\testng\testng\7.4.0\testng-7.4.0.jar;C:\Users\jnet\.m2\repository\com\beust\jcommander\1.78\jcommander-1.78.jar;C:\Users\jnet\.m2\repository\org\webjars\jquery\3.5.1\jquery-3.5.1.jar;C:\Users\jnet\.m2\repository\org\apache\poi\poi-ooxml\5.0.0\poi-ooxml-5.0.0.jar;C:\Users\jnet\.m2\repository\org\apache\poi\poi-ooxml-lite\5.0.0\poi-ooxml-lite-5.0.0.jar;C:\Users\jnet\.m2\repository\org\apache\xmlbeans\xmlbeans\4.0.0\xmlbeans-4.0.0.jar;C:\Users\jnet\.m2\repository\org\apache\commons\commons-compress\1.20\commons-compress-1.20.jar;C:\Users\jnet\.m2\repository\com\github\virtuald\curvesapi\1.06\curvesapi-1.06.jar;C:\Users\jnet\.m2\repository\org\bouncycastle\bcpkix-jdk15on\1.68\bcpkix-jdk15on-1.68.jar;C:\Users\jnet\.m2\repository\org\bouncycastle\bcprov-jdk15on\1.68\bcprov-jdk15on-1.68.jar;C:\Users\jnet\.m2\repository\org\apache\santuario\xmlsec\2.2.1\xmlsec-2.2.1.jar;C:\Users\jnet\.m2\repository\com\fasterxml\woodstox\woodstox-core\5.2.1\woodstox-core-5.2.1.jar;C:\Users\jnet\.m2\repository\org\codehaus\woodstox\stax2-api\4.2\stax2-api-4.2.jar;C:\Users\jnet\.m2\repository\jakarta\xml\bind\jakarta.xml.bind-api\2.3.2\jakarta.xml.bind-api-2.3.2.jar;C:\Users\jnet\.m2\repository\jakarta\activation\jakarta.activation-api\1.2.1\jakarta.activation-api-1.2.1.jar;C:\Users\jnet\.m2\repository\org\apache\xmlgraphics\batik-all\1.13\batik-all-1.13.jar;C:\Users\jnet\.m2\repository\org\apache\xmlgraphics\batik-anim\1.13\batik-anim-1.13.jar;C:\Users\jnet\.m2\repository\org\apache\xmlgraphics\batik-shared-resources\1.13\batik-shared-resources-1.13.jar;C:\Users\jnet\.m2\repository\xml-apis\xml-apis-ext\1.3.04\xml-apis-ext-1.3.04.jar;C:\Users\jnet\.m2\repository\org\apache\xmlgraphics\batik-awt-util\1.13\batik-awt-util-1.13.jar;C:\Users\jnet\.m2\repository\org\apache\xmlgraphics\xmlgraphics-commons\2.4\xmlgraphics-commons-2.4.jar;C:\Users\jnet\.m2\repository\org\apache\xmlgraphics\batik-bridge\1.13\batik-bridge-1.13.jar;C:\Users\jnet\.m2\repository\org\apache\xmlgraphics\batik-codec\1.13\batik-codec-1.13.jar;C:\Users\jnet\.m2\repository\org\apache\xmlgraphics\batik-constants\1.13\batik-constants-1.13.jar;C:\Users\jnet\.m2\repository\org\apache\xmlgraphics\batik-css\1.13\batik-css-1.13.jar;C:\Users\jnet\.m2\repository\org\apache\xmlgraphics\batik-dom\1.13\batik-dom-1.13.jar;C:\Users\jnet\.m2\repository\xalan\xalan\2.7.2\xalan-2.7.2.jar;C:\Users\jnet\.m2\repository\xalan\serializer\2.7.2\serializer-2.7.2.jar;C:\Users\jnet\.m2\repository\xml-apis\xml-apis\1.4.01\xml-apis-1.4.01.jar;C:\Users\jnet\.m2\repository\org\apache\xmlgraphics\batik-ext\1.13\batik-ext-1.13.jar;C:\Users\jnet\.m2\repository\org\apache\xmlgraphics\batik-extension\1.13\batik-extension-1.13.jar;C:\Users\jnet\.m2\repository\org\apache\xmlgraphics\batik-gui-util\1.13\batik-gui-util-1.13.jar;C:\Users\jnet\.m2\repository\org\apache\xmlgraphics\batik-gvt\1.13\batik-gvt-1.13.jar;C:\Users\jnet\.m2\repository\org\apache\xmlgraphics\batik-i18n\1.13\batik-i18n-1.13.jar;C:\Users\jnet\.m2\repository\org\apache\xmlgraphics\batik-parser\1.13\batik-parser-1.13.jar;C:\Users\jnet\.m2\repository\org\apache\xmlgraphics\batik-rasterizer-ext\1.13\batik-rasterizer-ext-1.13.jar;C:\Users\jnet\.m2\repository\org\apache\xmlgraphics\batik-rasterizer\1.13\batik-rasterizer-1.13.jar;C:\Users\jnet\.m2\repository\org\apache\xmlgraphics\batik-script\1.13\batik-script-1.13.jar;C:\Users\jnet\.m2\repository\org\apache\xmlgraphics\batik-slideshow\1.13\batik-slideshow-1.13.jar;C:\Users\jnet\.m2\repository\org\apache\xmlgraphics\batik-squiggle-ext\1.13\batik-squiggle-ext-1.13.jar;C:\Users\jnet\.m2\repository\org\apache\xmlgraphics\batik-squiggle\1.13\batik-squiggle-1.13.jar;C:\Users\jnet\.m2\repository\org\apache\xmlgraphics\batik-svg-dom\1.13\batik-svg-dom-1.13.jar;C:\Users\jnet\.m2\repository\org\apache\xmlgraphics\batik-svgbrowser\1.13\batik-svgbrowser-1.13.jar;C:\Users\jnet\.m2\repository\org\apache\xmlgraphics\batik-svggen\1.13\batik-svggen-1.13.jar;C:\Users\jnet\.m2\repository\org\apache\xmlgraphics\batik-svgpp\1.13\batik-svgpp-1.13.jar;C:\Users\jnet\.m2\repository\org\apache\xmlgraphics\batik-svgrasterizer\1.13\batik-svgrasterizer-1.13.jar;C:\Users\jnet\.m2\repository\org\apache\xmlgraphics\batik-swing\1.13\batik-swing-1.13.jar;C:\Users\jnet\.m2\repository\org\apache\xmlgraphics\batik-transcoder\1.13\batik-transcoder-1.13.jar;C:\Users\jnet\.m2\repository\org\apache\xmlgraphics\batik-util\1.13\batik-util-1.13.jar;C:\Users\jnet\.m2\repository\org\apache\xmlgraphics\batik-ttf2svg\1.13\batik-ttf2svg-1.13.jar;C:\Users\jnet\.m2\repository\org\apache\xmlgraphics\batik-xml\1.13\batik-xml-1.13.jar;C:\Users\jnet\.m2\repository\de\rototor\pdfbox\graphics2d\0.30\graphics2d-0.30.jar;C:\Users\jnet\.m2\repository\org\apache\pdfbox\pdfbox\2.0.22\pdfbox-2.0.22.jar;C:\Users\jnet\.m2\repository\org\apache\pdfbox\fontbox\2.0.22\fontbox-2.0.22.jar;C:\Users\jnet\.m2\repository\org\apache\poi\poi\5.0.0\poi-5.0.0.jar;C:\Users\jnet\.m2\repository\org\slf4j\slf4j-api\1.7.30\slf4j-api-1.7.30.jar;C:\Users\jnet\.m2\repository\org\slf4j\jcl-over-slf4j\1.7.30\jcl-over-slf4j-1.7.30.jar;C:\Users\jnet\.m2\repository\commons-codec\commons-codec\1.15\commons-codec-1.15.jar;C:\Users\jnet\.m2\repository\org\apache\commons\commons-collections4\4.4\commons-collections4-4.4.jar;C:\Users\jnet\.m2\repository\org\apache\commons\commons-math3\3.6.1\commons-math3-3.6.1.jar;C:\Users\jnet\.m2\repository\com\zaxxer\SparseBitSet\1.2\SparseBitSet-1.2.jar;C:\Users\jnet\.m2\repository\log4j\log4j\1.2.17\log4j-1.2.17.jar;C:\Users\jnet\.m2\repository\com\aventstack\extentreports\5.0.8\extentreports-5.0.8.jar;C:\Users\jnet\.m2\repository\io\reactivex\rxjava3\rxjava\3.0.4\rxjava-3.0.4.jar;C:\Users\jnet\.m2\repository\org\reactivestreams\reactive-streams\1.0.3\reactive-streams-1.0.3.jar;C:\Users\jnet\.m2\repository\org\freemarker\freemarker\2.3.30\freemarker-2.3.30.jar;C:\Users\jnet\.m2\repository\org\projectlombok\lombok\1.18.12\lombok-1.18.12.jar;C:\Users\jnet\.m2\repository\com\google\code\gson\gson\2.8.6\gson-2.8.6.jar;C:\Users\jnet\.m2\repository\commons-io\commons-io\1.3.2\commons-io-1.3.2.jar;C:\Users\jnet\.m2\repository\org\apache\commons\commons-lang3\3.12.0\commons-lang3-3.12.0.jar;"/>
    <property name="java.vm.vendor" value="Oracle Corporation"/>
    <property name="sun.arch.data.model" value="64"/>
    <property name="user.variant" value=""/>
    <property name="java.vendor.url" value="https://java.oracle.com/"/>
    <property name="user.timezone" value="Asia/Calcutta"/>
    <property name="os.name" value="Windows 8.1"/>
    <property name="java.vm.specification.version" value="16"/>
    <property name="sun.java.launcher" value="SUN_STANDARD"/>
    <property name="user.country" value="IN"/>
    <property name="sun.boot.library.path" value="C:\Program Files\Java\jdk-16.0.1\bin"/>
    <property name="sun.java.command" value="C:\Users\jnet\AppData\Local\Temp\surefire372991228600574786\surefirebooter15523949965241420377.jar C:\Users\jnet\AppData\Local\Temp\surefire372991228600574786 2021-07-22T11-03-59_030-jvmRun1 surefire18337847289720182897tmp surefire_011409844498102170238tmp"/>
    <property name="jdk.debug" value="release"/>
    <property name="surefire.test.class.path" value="C:\Varun\Workspace\AutomationTesting\target\test-classes;C:\Varun\Workspace\AutomationTesting\target\classes;C:\Users\jnet\.m2\repository\junit\junit\4.11\junit-4.11.jar;C:\Users\jnet\.m2\repository\org\hamcrest\hamcrest-core\1.3\hamcrest-core-1.3.jar;C:\Users\jnet\.m2\repository\org\seleniumhq\selenium\selenium-java\3.141.59\selenium-java-3.141.59.jar;C:\Users\jnet\.m2\repository\org\seleniumhq\selenium\selenium-api\3.141.59\selenium-api-3.141.59.jar;C:\Users\jnet\.m2\repository\org\seleniumhq\selenium\selenium-chrome-driver\3.141.59\selenium-chrome-driver-3.141.59.jar;C:\Users\jnet\.m2\repository\org\seleniumhq\selenium\selenium-edge-driver\3.141.59\selenium-edge-driver-3.141.59.jar;C:\Users\jnet\.m2\repository\org\seleniumhq\selenium\selenium-firefox-driver\3.141.59\selenium-firefox-driver-3.141.59.jar;C:\Users\jnet\.m2\repository\org\seleniumhq\selenium\selenium-ie-driver\3.141.59\selenium-ie-driver-3.141.59.jar;C:\Users\jnet\.m2\repository\org\seleniumhq\selenium\selenium-opera-driver\3.141.59\selenium-opera-driver-3.141.59.jar;C:\Users\jnet\.m2\repository\org\seleniumhq\selenium\selenium-remote-driver\3.141.59\selenium-remote-driver-3.141.59.jar;C:\Users\jnet\.m2\repository\org\seleniumhq\selenium\selenium-safari-driver\3.141.59\selenium-safari-driver-3.141.59.jar;C:\Users\jnet\.m2\repository\org\seleniumhq\selenium\selenium-support\3.141.59\selenium-support-3.141.59.jar;C:\Users\jnet\.m2\repository\net\bytebuddy\byte-buddy\1.8.15\byte-buddy-1.8.15.jar;C:\Users\jnet\.m2\repository\org\apache\commons\commons-exec\1.3\commons-exec-1.3.jar;C:\Users\jnet\.m2\repository\com\google\guava\guava\25.0-jre\guava-25.0-jre.jar;C:\Users\jnet\.m2\repository\com\google\code\findbugs\jsr305\1.3.9\jsr305-1.3.9.jar;C:\Users\jnet\.m2\repository\org\checkerframework\checker-compat-qual\2.0.0\checker-compat-qual-2.0.0.jar;C:\Users\jnet\.m2\repository\com\google\errorprone\error_prone_annotations\2.1.3\error_prone_annotations-2.1.3.jar;C:\Users\jnet\.m2\repository\com\google\j2objc\j2objc-annotations\1.1\j2objc-annotations-1.1.jar;C:\Users\jnet\.m2\repository\org\codehaus\mojo\animal-sniffer-annotations\1.14\animal-sniffer-annotations-1.14.jar;C:\Users\jnet\.m2\repository\com\squareup\okhttp3\okhttp\3.11.0\okhttp-3.11.0.jar;C:\Users\jnet\.m2\repository\com\squareup\okio\okio\1.14.0\okio-1.14.0.jar;C:\Users\jnet\.m2\repository\org\testng\testng\7.4.0\testng-7.4.0.jar;C:\Users\jnet\.m2\repository\com\beust\jcommander\1.78\jcommander-1.78.jar;C:\Users\jnet\.m2\repository\org\webjars\jquery\3.5.1\jquery-3.5.1.jar;C:\Users\jnet\.m2\repository\org\apache\poi\poi-ooxml\5.0.0\poi-ooxml-5.0.0.jar;C:\Users\jnet\.m2\repository\org\apache\poi\poi-ooxml-lite\5.0.0\poi-ooxml-lite-5.0.0.jar;C:\Users\jnet\.m2\repository\org\apache\xmlbeans\xmlbeans\4.0.0\xmlbeans-4.0.0.jar;C:\Users\jnet\.m2\repository\org\apache\commons\commons-compress\1.20\commons-compress-1.20.jar;C:\Users\jnet\.m2\repository\com\github\virtuald\curvesapi\1.06\curvesapi-1.06.jar;C:\Users\jnet\.m2\repository\org\bouncycastle\bcpkix-jdk15on\1.68\bcpkix-jdk15on-1.68.jar;C:\Users\jnet\.m2\repository\org\bouncycastle\bcprov-jdk15on\1.68\bcprov-jdk15on-1.68.jar;C:\Users\jnet\.m2\repository\org\apache\santuario\xmlsec\2.2.1\xmlsec-2.2.1.jar;C:\Users\jnet\.m2\repository\com\fasterxml\woodstox\woodstox-core\5.2.1\woodstox-core-5.2.1.jar;C:\Users\jnet\.m2\repository\org\codehaus\woodstox\stax2-api\4.2\stax2-api-4.2.jar;C:\Users\jnet\.m2\repository\jakarta\xml\bind\jakarta.xml.bind-api\2.3.2\jakarta.xml.bind-api-2.3.2.jar;C:\Users\jnet\.m2\repository\jakarta\activation\jakarta.activation-api\1.2.1\jakarta.activation-api-1.2.1.jar;C:\Users\jnet\.m2\repository\org\apache\xmlgraphics\batik-all\1.13\batik-all-1.13.jar;C:\Users\jnet\.m2\repository\org\apache\xmlgraphics\batik-anim\1.13\batik-anim-1.13.jar;C:\Users\jnet\.m2\repository\org\apache\xmlgraphics\batik-shared-resources\1.13\batik-shared-resources-1.13.jar;C:\Users\jnet\.m2\repository\xml-apis\xml-apis-ext\1.3.04\xml-apis-ext-1.3.04.jar;C:\Users\jnet\.m2\repository\org\apache\xmlgraphics\batik-awt-util\1.13\batik-awt-util-1.13.jar;C:\Users\jnet\.m2\repository\org\apache\xmlgraphics\xmlgraphics-commons\2.4\xmlgraphics-commons-2.4.jar;C:\Users\jnet\.m2\repository\org\apache\xmlgraphics\batik-bridge\1.13\batik-bridge-1.13.jar;C:\Users\jnet\.m2\repository\org\apache\xmlgraphics\batik-codec\1.13\batik-codec-1.13.jar;C:\Users\jnet\.m2\repository\org\apache\xmlgraphics\batik-constants\1.13\batik-constants-1.13.jar;C:\Users\jnet\.m2\repository\org\apache\xmlgraphics\batik-css\1.13\batik-css-1.13.jar;C:\Users\jnet\.m2\repository\org\apache\xmlgraphics\batik-dom\1.13\batik-dom-1.13.jar;C:\Users\jnet\.m2\repository\xalan\xalan\2.7.2\xalan-2.7.2.jar;C:\Users\jnet\.m2\repository\xalan\serializer\2.7.2\serializer-2.7.2.jar;C:\Users\jnet\.m2\repository\xml-apis\xml-apis\1.4.01\xml-apis-1.4.01.jar;C:\Users\jnet\.m2\repository\org\apache\xmlgraphics\batik-ext\1.13\batik-ext-1.13.jar;C:\Users\jnet\.m2\repository\org\apache\xmlgraphics\batik-extension\1.13\batik-extension-1.13.jar;C:\Users\jnet\.m2\repository\org\apache\xmlgraphics\batik-gui-util\1.13\batik-gui-util-1.13.jar;C:\Users\jnet\.m2\repository\org\apache\xmlgraphics\batik-gvt\1.13\batik-gvt-1.13.jar;C:\Users\jnet\.m2\repository\org\apache\xmlgraphics\batik-i18n\1.13\batik-i18n-1.13.jar;C:\Users\jnet\.m2\repository\org\apache\xmlgraphics\batik-parser\1.13\batik-parser-1.13.jar;C:\Users\jnet\.m2\repository\org\apache\xmlgraphics\batik-rasterizer-ext\1.13\batik-rasterizer-ext-1.13.jar;C:\Users\jnet\.m2\repository\org\apache\xmlgraphics\batik-rasterizer\1.13\batik-rasterizer-1.13.jar;C:\Users\jnet\.m2\repository\org\apache\xmlgraphics\batik-script\1.13\batik-script-1.13.jar;C:\Users\jnet\.m2\repository\org\apache\xmlgraphics\batik-slideshow\1.13\batik-slideshow-1.13.jar;C:\Users\jnet\.m2\repository\org\apache\xmlgraphics\batik-squiggle-ext\1.13\batik-squiggle-ext-1.13.jar;C:\Users\jnet\.m2\repository\org\apache\xmlgraphics\batik-squiggle\1.13\batik-squiggle-1.13.jar;C:\Users\jnet\.m2\repository\org\apache\xmlgraphics\batik-svg-dom\1.13\batik-svg-dom-1.13.jar;C:\Users\jnet\.m2\repository\org\apache\xmlgraphics\batik-svgbrowser\1.13\batik-svgbrowser-1.13.jar;C:\Users\jnet\.m2\repository\org\apache\xmlgraphics\batik-svggen\1.13\batik-svggen-1.13.jar;C:\Users\jnet\.m2\repository\org\apache\xmlgraphics\batik-svgpp\1.13\batik-svgpp-1.13.jar;C:\Users\jnet\.m2\repository\org\apache\xmlgraphics\batik-svgrasterizer\1.13\batik-svgrasterizer-1.13.jar;C:\Users\jnet\.m2\repository\org\apache\xmlgraphics\batik-swing\1.13\batik-swing-1.13.jar;C:\Users\jnet\.m2\repository\org\apache\xmlgraphics\batik-transcoder\1.13\batik-transcoder-1.13.jar;C:\Users\jnet\.m2\repository\org\apache\xmlgraphics\batik-util\1.13\batik-util-1.13.jar;C:\Users\jnet\.m2\repository\org\apache\xmlgraphics\batik-ttf2svg\1.13\batik-ttf2svg-1.13.jar;C:\Users\jnet\.m2\repository\org\apache\xmlgraphics\batik-xml\1.13\batik-xml-1.13.jar;C:\Users\jnet\.m2\repository\de\rototor\pdfbox\graphics2d\0.30\graphics2d-0.30.jar;C:\Users\jnet\.m2\repository\org\apache\pdfbox\pdfbox\2.0.22\pdfbox-2.0.22.jar;C:\Users\jnet\.m2\repository\org\apache\pdfbox\fontbox\2.0.22\fontbox-2.0.22.jar;C:\Users\jnet\.m2\repository\org\apache\poi\poi\5.0.0\poi-5.0.0.jar;C:\Users\jnet\.m2\repository\org\slf4j\slf4j-api\1.7.30\slf4j-api-1.7.30.jar;C:\Users\jnet\.m2\repository\org\slf4j\jcl-over-slf4j\1.7.30\jcl-over-slf4j-1.7.30.jar;C:\Users\jnet\.m2\repository\commons-codec\commons-codec\1.15\commons-codec-1.15.jar;C:\Users\jnet\.m2\repository\org\apache\commons\commons-collections4\4.4\commons-collections4-4.4.jar;C:\Users\jnet\.m2\repository\org\apache\commons\commons-math3\3.6.1\commons-math3-3.6.1.jar;C:\Users\jnet\.m2\repository\com\zaxxer\SparseBitSet\1.2\SparseBitSet-1.2.jar;C:\Users\jnet\.m2\repository\log4j\log4j\1.2.17\log4j-1.2.17.jar;C:\Users\jnet\.m2\repository\com\aventstack\extentreports\5.0.8\extentreports-5.0.8.jar;C:\Users\jnet\.m2\repository\io\reactivex\rxjava3\rxjava\3.0.4\rxjava-3.0.4.jar;C:\Users\jnet\.m2\repository\org\reactivestreams\reactive-streams\1.0.3\reactive-streams-1.0.3.jar;C:\Users\jnet\.m2\repository\org\freemarker\freemarker\2.3.30\freemarker-2.3.30.jar;C:\Users\jnet\.m2\repository\org\projectlombok\lombok\1.18.12\lombok-1.18.12.jar;C:\Users\jnet\.m2\repository\com\google\code\gson\gson\2.8.6\gson-2.8.6.jar;C:\Users\jnet\.m2\repository\commons-io\commons-io\1.3.2\commons-io-1.3.2.jar;C:\Users\jnet\.m2\repository\org\apache\commons\commons-lang3\3.12.0\commons-lang3-3.12.0.jar;"/>
    <property name="sun.cpu.endian" value="little"/>
    <property name="user.home" value="C:\Users\jnet"/>
    <property name="user.language" value="en"/>
    <property name="java.specification.vendor" value="Oracle Corporation"/>
    <property name="java.version.date" value="2021-04-20"/>
    <property name="java.home" value="C:\Program Files\Java\jdk-16.0.1"/>
    <property name="file.separator" value="\"/>
    <property name="basedir" value="C:\Varun\Workspace\AutomationTesting"/>
    <property name="java.vm.compressedOopsMode" value="32-bit"/>
    <property name="line.separator" value="&#10;"/>
    <property name="java.vm.specification.vendor" value="Oracle Corporation"/>
    <property name="java.specification.name" value="Java Platform API Specification"/>
    <property name="surefire.real.class.path" value="C:\Users\jnet\AppData\Local\Temp\surefire372991228600574786\surefirebooter15523949965241420377.jar"/>
    <property name="user.script" value=""/>
    <property name="sun.management.compiler" value="HotSpot 64-Bit Tiered Compilers"/>
    <property name="java.runtime.version" value="16.0.1+9-24"/>
    <property name="user.name" value="jnet"/>
    <property name="path.separator" value=";"/>
    <property name="os.version" value="6.3"/>
    <property name="java.runtime.name" value="Java(TM) SE Runtime Environment"/>
    <property name="file.encoding" value="Cp1252"/>
    <property name="java.vm.name" value="Java HotSpot(TM) 64-Bit Server VM"/>
    <property name="localRepository" value="C:\Users\jnet\.m2\repository"/>
    <property name="java.vendor.url.bug" value="https://bugreport.java.com/bugreport/"/>
    <property name="java.io.tmpdir" value="C:\Users\jnet\AppData\Local\Temp\"/>
    <property name="java.version" value="16.0.1"/>
    <property name="user.dir" value="C:\Varun\Workspace\AutomationTesting"/>
    <property name="os.arch" value="amd64"/>
    <property name="java.vm.specification.name" value="Java Virtual Machine Specification"/>
    <property name="sun.os.patch.level" value=""/>
    <property name="java.library.path" value="C:\Program Files\Java\jdk-16.0.1\bin;C:\Windows\Sun\Java\bin;C:\Windows\system32;C:\Windows;C:\Program Files\Common Files\Oracle\Java\javapath;C:\Windows\system32;C:\Windows;C:\Windows\System32\Wbem;C:\Windows\System32\WindowsPowerShell\v1.0\;C:\Program Files\Git\cmd;C:\Program Files\nodejs\;C:\apache-maven-3.8.1-bin\apache-maven-3.8.1\bin;C:\Program Files\Java\jdk-16.0.1\bin;C:\Program Files (x86)\Sophos\Sophos SSL VPN Client\bin;C:\Users\jnet\AppData\Roaming\npm;."/>
    <property name="java.vm.info" value="mixed mode, sharing"/>
    <property name="java.vendor" value="Oracle Corporation"/>
    <property name="java.vm.version" value="16.0.1+9-24"/>
    <property name="sun.io.unicode.encoding" value="UnicodeLittle"/>
    <property name="java.class.version" value="60.0"/>
  </properties>
  <testcase name="testRefillUsingMasterCardWithoutSavingDetails_TC001" classname="org.Adyen.Testscripts.RefillUsingMasterCardWithoutSavingDetails_TC001" time="65.814">
    <system-out><![CDATA[chrome 
0 [main] INFO org.Adyen.utilities.BaseClass  - .......Chrome browser opened..........
https://staging-app.sonetel.com/ 
18037 [main] INFO org.Adyen.utilities.BaseClass  - .....Url entered...........
18205 [main] INFO org.Adyen.utilities.BaseClass  - .....clicked on maximise button....
Sonetel_QA@sonetel.info 
sonetel 
29345 [main] INFO org.Adyen.utilities.BaseClass  - .....entered email id.........
29699 [main] INFO org.Adyen.utilities.BaseClass  - .....pwd entered.......
35039 [main] INFO org.Adyen.utilities.BaseClass  - .....Login button clicked.......
35311 [main] INFO org.Adyen.utilities.BaseClass  - .....clicked on Settings Link.....
44586 [main] INFO org.Adyen.utilities.BaseClass  - .....clicked on Company settings Link.....
45701 [main] INFO org.Adyen.utilities.BaseClass  - .....clicked on Billings section.....
46286 [main] INFO org.Adyen.utilities.BaseClass  - .....clicked on Refill Link.....
51747 [main] INFO org.Adyen.utilities.BaseClass  - .....Selected Gpay Payment Method.....
58198 [main] INFO org.Adyen.utilities.BaseClass  - .....clicked on Creditcard/MasterCard Link.....
60439 [main] INFO org.Adyen.utilities.BaseClass  - .....Entered Card holder name.....
john 
62880 [main] INFO org.Adyen.utilities.BaseClass  - .....Entered Card Number.....
5125860000000006 
65517 [main] INFO org.Adyen.utilities.BaseClass  - .....Entered security code.....
000 
72582 [main] INFO org.Adyen.utilities.BaseClass  - .....clicked on Add button.....
Validation OK
Refilled
$5.00
94264 [main] INFO org.Adyen.utilities.BaseClass  - .....clicked on close link under pop-up.....
96827 [main] INFO org.Adyen.utilities.BaseClass  - .....Getting the current balance.....
Current balance
$5.00
Auto-refill is disabled Change
Notify me when account goes below
$5.00
]]></system-out>
    <system-err><![CDATA[Starting ChromeDriver 90.0.4430.24 (4c6d850f087da467d926e8eddb76550aed655991-refs/branch-heads/4430@{#429}) on port 37754
Only local connections are allowed.
Please see https://chromedriver.chromium.org/security-considerations for suggestions on keeping ChromeDriver safe.
ChromeDriver was started successfully.
[1626932048.808][WARNING]: This version of ChromeDriver has not been tested with Chrome version 91.
Jul 22, 2021 11:04:09 AM org.openqa.selenium.remote.ProtocolHandshake createSession
INFO: Detected dialect: W3C
]]></system-err>
  </testcase>
  <testcase name="testRefillUsingMasterCardWithSavingDetails_TC002" classname="org.Adyen.Testscripts.RefillUsingMasterCardWithSavingDetails_TC002" time="60.891">
    <system-out><![CDATA[103323 [main] INFO org.Adyen.utilities.BaseClass  - ....clicked on logout button....
chrome 
106687 [main] INFO org.Adyen.utilities.BaseClass  - .......Chrome browser opened..........
https://staging-app.sonetel.com/ 
118897 [main] INFO org.Adyen.utilities.BaseClass  - .....Url entered...........
119159 [main] INFO org.Adyen.utilities.BaseClass  - .....clicked on maximise button....
Sonetel_QA@sonetel.info 
sonetel 
130024 [main] INFO org.Adyen.utilities.BaseClass  - .....entered email id.........
130360 [main] INFO org.Adyen.utilities.BaseClass  - .....pwd entered.......
135690 [main] INFO org.Adyen.utilities.BaseClass  - .....Login button clicked.......
135692 [main] INFO org.Adyen.utilities.BaseClass  - .....clicked on Settings Link.....
145437 [main] INFO org.Adyen.utilities.BaseClass  - .....clicked on Company settings Link.....
146513 [main] INFO org.Adyen.utilities.BaseClass  - .....clicked on Billings section.....
147197 [main] INFO org.Adyen.utilities.BaseClass  - .....clicked on Refill Link.....
152146 [main] INFO org.Adyen.utilities.BaseClass  - .....Selected Gpay Payment Method.....
158568 [main] INFO org.Adyen.utilities.BaseClass  - .....clicked on Creditcard/MasterCard Link.....
160798 [main] INFO org.Adyen.utilities.BaseClass  - .....Entered Card holder name.....
john 
163317 [main] INFO org.Adyen.utilities.BaseClass  - .....Entered Card Number.....
5125860000000006 
165903 [main] INFO org.Adyen.utilities.BaseClass  - .....Entered security code.....
000 
170638 [main] INFO org.Adyen.utilities.BaseClass  - .....clicked on Add button.....
Validation OK
Refilled
$10.00
194220 [main] INFO org.Adyen.utilities.BaseClass  - .....clicked on close link under pop-up.....
196444 [main] INFO org.Adyen.utilities.BaseClass  - .....Getting the current balance.....
Current balance
$15.00
Auto-refill is disabled Change
Notify me when account goes below
$5.00
]]></system-out>
    <system-err><![CDATA[Starting ChromeDriver 90.0.4430.24 (4c6d850f087da467d926e8eddb76550aed655991-refs/branch-heads/4430@{#429}) on port 25506
Only local connections are allowed.
Please see https://chromedriver.chromium.org/security-considerations for suggestions on keeping ChromeDriver safe.
ChromeDriver was started successfully.
[1626932152.737][WARNING]: This version of ChromeDriver has not been tested with Chrome version 91.
Jul 22, 2021 11:05:52 AM org.openqa.selenium.remote.ProtocolHandshake createSession
INFO: Detected dialect: W3C
]]></system-err>
  </testcase>
  <testcase name="testRefillAccountUsingSavedMasterCardDetails_TC003" classname="org.Adyen.Testscripts.RefillAccountUsingSavedMasterCardDetails_TC003" time="26.995">
    <system-out><![CDATA[198851 [main] INFO org.Adyen.utilities.BaseClass  - ....clicked on logout button....
chrome 
203620 [main] INFO org.Adyen.utilities.BaseClass  - .......Chrome browser opened..........
https://staging-app.sonetel.com/ 
215763 [main] INFO org.Adyen.utilities.BaseClass  - .....Url entered...........
216004 [main] INFO org.Adyen.utilities.BaseClass  - .....clicked on maximise button....
Sonetel_QA@sonetel.info 
sonetel 
226730 [main] INFO org.Adyen.utilities.BaseClass  - .....entered email id.........
227125 [main] INFO org.Adyen.utilities.BaseClass  - .....pwd entered.......
232447 [main] INFO org.Adyen.utilities.BaseClass  - .....Login button clicked.......
232449 [main] INFO org.Adyen.utilities.BaseClass  - .....clicked on Settings Link.....
245929 [main] INFO org.Adyen.utilities.BaseClass  - .....clicked on Company settings Link.....
247132 [main] INFO org.Adyen.utilities.BaseClass  - .....clicked on Billings section.....
249020 [main] INFO org.Adyen.utilities.BaseClass  - .....clicked on Refill Link.....
252794 [main] INFO org.Adyen.utilities.BaseClass  - .....clicked under Saved details refill Link.....
Refilled
$50.00
257183 [main] INFO org.Adyen.utilities.BaseClass  - .....clicked on close link under pop-up.....
259423 [main] INFO org.Adyen.utilities.BaseClass  - .....Getting the current balance.....
Current balance
$65.00
Auto-refill is disabled Change
Notify me when account goes below
$5.00
]]></system-out>
    <system-err><![CDATA[Starting ChromeDriver 90.0.4430.24 (4c6d850f087da467d926e8eddb76550aed655991-refs/branch-heads/4430@{#429}) on port 32415
Only local connections are allowed.
Please see https://chromedriver.chromium.org/security-considerations for suggestions on keeping ChromeDriver safe.
ChromeDriver was started successfully.
[1626932249.677][WARNING]: This version of ChromeDriver has not been tested with Chrome version 91.
Jul 22, 2021 11:07:29 AM org.openqa.selenium.remote.ProtocolHandshake createSession
INFO: Detected dialect: W3C
]]></system-err>
  </testcase>
  <testcase name="testChecoutForSubscriptionOfPhoneNumberUsingMasterCard_TC0019" classname="org.Adyen.Testscripts.ChecoutForSubscriptionOfPhoneNumberUsingMasterCard_TC0019" time="86.888">
    <system-out><![CDATA[261703 [main] INFO org.Adyen.utilities.BaseClass  - ....clicked on logout button....
chrome 
266403 [main] INFO org.Adyen.utilities.BaseClass  - .......Chrome browser opened..........
https://staging-app.sonetel.com/ 
278000 [main] INFO org.Adyen.utilities.BaseClass  - .....Url entered...........
278187 [main] INFO org.Adyen.utilities.BaseClass  - .....clicked on maximise button....
Sonetel_QA@sonetel.info 
sonetel 
288928 [main] INFO org.Adyen.utilities.BaseClass  - .....entered email id.........
289268 [main] INFO org.Adyen.utilities.BaseClass  - .....pwd entered.......
294601 [main] INFO org.Adyen.utilities.BaseClass  - .....Login button clicked.......
294601 [main] INFO org.Adyen.utilities.BaseClass  - .....clicked on Settings Link.....
309001 [main] INFO org.Adyen.utilities.BaseClass  - .....clicked on Company settings Link.....
309531 [main] INFO org.Adyen.utilities.BaseClass  - .....clicked on Telephony section.....
310085 [main] INFO org.Adyen.utilities.BaseClass  - .....clicked on Add Link.....
313856 [main] INFO org.Adyen.utilities.BaseClass  - .....clicked On search country.....
Rosario 
316427 [main] INFO org.Adyen.utilities.BaseClass  - .....Entered Rosario City Name.....
321822 [main] INFO org.Adyen.utilities.BaseClass  - .....Clicked On City.....
327074 [main] INFO org.Adyen.utilities.BaseClass  - .....Selected phone Number.....
343186 [main] INFO org.Adyen.utilities.BaseClass  - .....Clicked on Add to cart.....
353527 [main] INFO org.Adyen.utilities.BaseClass  - .....Clicked on Cart Icon.....
358753 [main] INFO org.Adyen.utilities.BaseClass  - .....Clicked on Proceed to checkout button.....
364012 [main] INFO org.Adyen.utilities.BaseClass  - .....Clicked on Confirm and Pay now button.....
Refilled
$258.64
374109 [main] INFO org.Adyen.utilities.BaseClass  - .....clicked on close link under pop-up.....
[[ChromeDriver: chrome on WINDOWS (5142bf3ca27a32df140f8e98150cf0cc)] -> xpath: //div[contains(@class,'_2D7kLBR9gPH_c4D2hAZGCw')]]
]]></system-out>
    <system-err><![CDATA[Starting ChromeDriver 90.0.4430.24 (4c6d850f087da467d926e8eddb76550aed655991-refs/branch-heads/4430@{#429}) on port 47469
Only local connections are allowed.
Please see https://chromedriver.chromium.org/security-considerations for suggestions on keeping ChromeDriver safe.
ChromeDriver was started successfully.
[1626932312.387][WARNING]: This version of ChromeDriver has not been tested with Chrome version 91.
Jul 22, 2021 11:08:32 AM org.openqa.selenium.remote.ProtocolHandshake createSession
INFO: Detected dialect: W3C
]]></system-err>
  </testcase>
  <testcase name="testValidatingMasterCardPaymentMethods" classname="org.Adyen.Testscripts.ValidatingSavedMasterPaymentMethods_TC007" time="43.073">
    <system-out><![CDATA[383744 [main] INFO org.Adyen.utilities.BaseClass  - ....clicked on logout button....
chrome 
386635 [main] INFO org.Adyen.utilities.BaseClass  - .......Chrome browser opened..........
https://staging-app.sonetel.com/ 
398780 [main] INFO org.Adyen.utilities.BaseClass  - .....Url entered...........
399023 [main] INFO org.Adyen.utilities.BaseClass  - .....clicked on maximise button....
Sonetel_QA@sonetel.info 
sonetel 
409756 [main] INFO org.Adyen.utilities.BaseClass  - .....entered email id.........
410094 [main] INFO org.Adyen.utilities.BaseClass  - .....pwd entered.......
415451 [main] INFO org.Adyen.utilities.BaseClass  - .....Login button clicked.......
415455 [main] INFO org.Adyen.utilities.BaseClass  - .....clicked on Settings Link.....
425699 [main] INFO org.Adyen.utilities.BaseClass  - .....clicked on Company settings Link.....
426666 [main] INFO org.Adyen.utilities.BaseClass  - .....clicked on Billings section.....
427227 [main] INFO org.Adyen.utilities.BaseClass  - .....clicked on Payment methods section.....
MasterCard details are not saved
]]></system-out>
    <system-err><![CDATA[Starting ChromeDriver 90.0.4430.24 (4c6d850f087da467d926e8eddb76550aed655991-refs/branch-heads/4430@{#429}) on port 4134
Only local connections are allowed.
Please see https://chromedriver.chromium.org/security-considerations for suggestions on keeping ChromeDriver safe.
ChromeDriver was started successfully.
[1626932432.758][WARNING]: This version of ChromeDriver has not been tested with Chrome version 91.
Jul 22, 2021 11:10:33 AM org.openqa.selenium.remote.ProtocolHandshake createSession
INFO: Detected dialect: W3C
]]></system-err>
  </testcase>
  <testcase name="testRefiilAccountUsingPayPalDetails_TC004" classname="org.Adyen.Testscripts.RefiilAccountUsingPayPalDetails_TC004" time="77.563">
    <system-out><![CDATA[460896 [main] INFO org.Adyen.utilities.BaseClass  - ....clicked on logout button....
chrome 
466228 [main] INFO org.Adyen.utilities.BaseClass  - .......Chrome browser opened..........
https://staging-app.sonetel.com/ 
479729 [main] INFO org.Adyen.utilities.BaseClass  - .....Url entered...........
479931 [main] INFO org.Adyen.utilities.BaseClass  - .....clicked on maximise button....
Sonetel_QA@sonetel.info 
sonetel 
490665 [main] INFO org.Adyen.utilities.BaseClass  - .....entered email id.........
491007 [main] INFO org.Adyen.utilities.BaseClass  - .....pwd entered.......
496316 [main] INFO org.Adyen.utilities.BaseClass  - .....Login button clicked.......
496319 [main] INFO org.Adyen.utilities.BaseClass  - .....clicked on Settings Link.....
505490 [main] INFO org.Adyen.utilities.BaseClass  - .....clicked on Company settings Link.....
506684 [main] INFO org.Adyen.utilities.BaseClass  - .....clicked on Billings section.....
507147 [main] INFO org.Adyen.utilities.BaseClass  - .....clicked on Refill Link.....
518123 [main] INFO org.Adyen.utilities.BaseClass  - .....clicked PayPal Link.....
sntl_b_1346057779_per@xpathy.org 
sntl_buyer1 
Refilled
$5.00
573707 [main] INFO org.Adyen.utilities.BaseClass  - .....clicked on close link under pop-up.....
]]></system-out>
    <system-err><![CDATA[Starting ChromeDriver 90.0.4430.24 (4c6d850f087da467d926e8eddb76550aed655991-refs/branch-heads/4430@{#429}) on port 32449
Only local connections are allowed.
Please see https://chromedriver.chromium.org/security-considerations for suggestions on keeping ChromeDriver safe.
ChromeDriver was started successfully.
[1626932512.999][WARNING]: This version of ChromeDriver has not been tested with Chrome version 91.
Jul 22, 2021 11:11:53 AM org.openqa.selenium.remote.ProtocolHandshake createSession
INFO: Detected dialect: W3C
]]></system-err>
  </testcase>
  <testcase name="testRefillAccountUsingSavedPayPalDetails_TC005" classname="org.Adyen.Testscripts.RefillAccountUsingSavedPayPalDetails_TC005" time="31.474">
    <system-out><![CDATA[576237 [main] INFO org.Adyen.utilities.BaseClass  - ....clicked on logout button....
chrome 
579242 [main] INFO org.Adyen.utilities.BaseClass  - .......Chrome browser opened..........
https://staging-app.sonetel.com/ 
592445 [main] INFO org.Adyen.utilities.BaseClass  - .....Url entered...........
593146 [main] INFO org.Adyen.utilities.BaseClass  - .....clicked on maximise button....
Sonetel_QA@sonetel.info 
sonetel 
603826 [main] INFO org.Adyen.utilities.BaseClass  - .....entered email id.........
604200 [main] INFO org.Adyen.utilities.BaseClass  - .....pwd entered.......
609515 [main] INFO org.Adyen.utilities.BaseClass  - .....Login button clicked.......
609515 [main] INFO org.Adyen.utilities.BaseClass  - .....clicked on Settings Link.....
618978 [main] INFO org.Adyen.utilities.BaseClass  - .....clicked on Company settings Link.....
619897 [main] INFO org.Adyen.utilities.BaseClass  - .....clicked on Billings section.....
620711 [main] INFO org.Adyen.utilities.BaseClass  - .....clicked on Refill Link.....
630163 [main] INFO org.Adyen.utilities.BaseClass  - .....clicked under Saved details refill Link.....
Refilled
$10.00
638694 [main] INFO org.Adyen.utilities.BaseClass  - .....clicked on close link under pop-up.....
640948 [main] INFO org.Adyen.utilities.BaseClass  - .....Getting the current balance.....
Current balance
$15.00
Auto-refill is disabled Change
Notify me when account goes below
$5.00
]]></system-out>
    <system-err><![CDATA[Starting ChromeDriver 90.0.4430.24 (4c6d850f087da467d926e8eddb76550aed655991-refs/branch-heads/4430@{#429}) on port 30714
Only local connections are allowed.
Please see https://chromedriver.chromium.org/security-considerations for suggestions on keeping ChromeDriver safe.
ChromeDriver was started successfully.
[1626932625.201][WARNING]: This version of ChromeDriver has not been tested with Chrome version 91.
Jul 22, 2021 11:13:45 AM org.openqa.selenium.remote.ProtocolHandshake createSession
INFO: Detected dialect: W3C
]]></system-err>
  </testcase>
  <testcase name="testChecoutForSubscriptionOfPhoneNumberUsingPayPal" classname="org.Adyen.Testscripts.ChecoutForSubscriptionOfPhoneNumberUsingPayPal_TC0020" time="88.089">
    <system-out><![CDATA[643245 [main] INFO org.Adyen.utilities.BaseClass  - ....clicked on logout button....
chrome 
646335 [main] INFO org.Adyen.utilities.BaseClass  - .......Chrome browser opened..........
https://staging-app.sonetel.com/ 
659876 [main] INFO org.Adyen.utilities.BaseClass  - .....Url entered...........
660082 [main] INFO org.Adyen.utilities.BaseClass  - .....clicked on maximise button....
Sonetel_QA@sonetel.info 
sonetel 
670857 [main] INFO org.Adyen.utilities.BaseClass  - .....entered email id.........
671249 [main] INFO org.Adyen.utilities.BaseClass  - .....pwd entered.......
676621 [main] INFO org.Adyen.utilities.BaseClass  - .....Login button clicked.......
676624 [main] INFO org.Adyen.utilities.BaseClass  - .....clicked on Settings Link.....
690991 [main] INFO org.Adyen.utilities.BaseClass  - .....clicked on Company settings Link.....
692054 [main] INFO org.Adyen.utilities.BaseClass  - .....clicked on Telephony section.....
692543 [main] INFO org.Adyen.utilities.BaseClass  - .....clicked on Add Link.....
696350 [main] INFO org.Adyen.utilities.BaseClass  - .....clicked On search country.....
Coventry 
698996 [main] INFO org.Adyen.utilities.BaseClass  - .....Entered Leeds City Name.....
704378 [main] INFO org.Adyen.utilities.BaseClass  - .....Clicked On Coventry City.....
709628 [main] INFO org.Adyen.utilities.BaseClass  - .....Selected phone Number.....
725610 [main] INFO org.Adyen.utilities.BaseClass  - .....Clicked on Add to cart.....
735978 [main] INFO org.Adyen.utilities.BaseClass  - .....Clicked on Cart Icon.....
741258 [main] INFO org.Adyen.utilities.BaseClass  - .....Clicked on Proceed to checkout button.....
750878 [main] INFO org.Adyen.utilities.BaseClass  - .....Clicked on Confirm and Pay now button.....
755881 [main] INFO org.Adyen.utilities.BaseClass  - .....clicked on close link under pop-up.....
[[ChromeDriver: chrome on WINDOWS (70fad6e57625d998894fe9142c92c7c9)] -> xpath: //div[contains(@class,'_2D7kLBR9gPH_c4D2hAZGCw')]]
]]></system-out>
    <system-err><![CDATA[Starting ChromeDriver 90.0.4430.24 (4c6d850f087da467d926e8eddb76550aed655991-refs/branch-heads/4430@{#429}) on port 25916
Only local connections are allowed.
Please see https://chromedriver.chromium.org/security-considerations for suggestions on keeping ChromeDriver safe.
ChromeDriver was started successfully.
[1626932692.870][WARNING]: This version of ChromeDriver has not been tested with Chrome version 91.
Jul 22, 2021 11:14:52 AM org.openqa.selenium.remote.ProtocolHandshake createSession
INFO: Detected dialect: W3C
]]></system-err>
  </testcase>
  <testcase name="testValidatingPaypalPaymentMethods" classname="org.Adyen.Testscripts.ValidatingSavedPayPalMethod_TC0016" time="13.41">
    <system-out><![CDATA[766991 [main] INFO org.Adyen.utilities.BaseClass  - ....clicked on logout button....
chrome 
770149 [main] INFO org.Adyen.utilities.BaseClass  - .......Chrome browser opened..........
https://staging-app.sonetel.com/ 
784508 [main] INFO org.Adyen.utilities.BaseClass  - .....Url entered...........
784697 [main] INFO org.Adyen.utilities.BaseClass  - .....clicked on maximise button....
Sonetel_QA@sonetel.info 
sonetel 
795329 [main] INFO org.Adyen.utilities.BaseClass  - .....entered email id.........
795670 [main] INFO org.Adyen.utilities.BaseClass  - .....pwd entered.......
800995 [main] INFO org.Adyen.utilities.BaseClass  - .....Login button clicked.......
800998 [main] INFO org.Adyen.utilities.BaseClass  - .....clicked on Settings Link.....
810406 [main] INFO org.Adyen.utilities.BaseClass  - .....clicked on Company settings Link.....
811398 [main] INFO org.Adyen.utilities.BaseClass  - .....clicked on Billings section.....
812183 [main] INFO org.Adyen.utilities.BaseClass  - .....clicked on Payment methods section.....
true
Paypal details are saved
]]></system-out>
    <system-err><![CDATA[Starting ChromeDriver 90.0.4430.24 (4c6d850f087da467d926e8eddb76550aed655991-refs/branch-heads/4430@{#429}) on port 10137
Only local connections are allowed.
Please see https://chromedriver.chromium.org/security-considerations for suggestions on keeping ChromeDriver safe.
ChromeDriver was started successfully.
[1626932816.368][WARNING]: This version of ChromeDriver has not been tested with Chrome version 91.
Jul 22, 2021 11:16:56 AM org.openqa.selenium.remote.ProtocolHandshake createSession
INFO: Detected dialect: W3C
]]></system-err>
  </testcase>
  <testcase name="testRefillAccountUsingSavedGpayDetails_TC006" classname="org.Adyen.Testscripts.RefillAccountUsingSavedGpayDetails_TC006" time="33.875">
    <system-out><![CDATA[816866 [main] INFO org.Adyen.utilities.BaseClass  - ....clicked on logout button....
chrome 
819687 [main] INFO org.Adyen.utilities.BaseClass  - .......Chrome browser opened..........
https://staging-app.sonetel.com/ 
832473 [main] INFO org.Adyen.utilities.BaseClass  - .....Url entered...........
832674 [main] INFO org.Adyen.utilities.BaseClass  - .....clicked on maximise button....
Sonetel_QA@sonetel.info 
sonetel 
843352 [main] INFO org.Adyen.utilities.BaseClass  - .....entered email id.........
843853 [main] INFO org.Adyen.utilities.BaseClass  - .....pwd entered.......
849205 [main] INFO org.Adyen.utilities.BaseClass  - .....Login button clicked.......
849208 [main] INFO org.Adyen.utilities.BaseClass  - .....clicked on Settings Link.....
859058 [main] INFO org.Adyen.utilities.BaseClass  - .....clicked on Company settings Link.....
860310 [main] INFO org.Adyen.utilities.BaseClass  - .....clicked on Billings section.....
860663 [main] INFO org.Adyen.utilities.BaseClass  - .....clicked on Refill Link.....
869286 [main] INFO org.Adyen.utilities.BaseClass  - .....Selected Gpay Payment Method.....
871288 [main] INFO org.Adyen.utilities.BaseClass  - .....clicked under Saved details refill Link.....
Refilled
$10.00
875768 [main] INFO org.Adyen.utilities.BaseClass  - .....clicked on close link under pop-up.....
878021 [main] INFO org.Adyen.utilities.BaseClass  - .....Getting the current balance.....
Current balance
$10.00
Auto-refill is disabled Change
Notify me when account goes below
$5.00
]]></system-out>
    <system-err><![CDATA[Starting ChromeDriver 90.0.4430.24 (4c6d850f087da467d926e8eddb76550aed655991-refs/branch-heads/4430@{#429}) on port 20010
Only local connections are allowed.
Please see https://chromedriver.chromium.org/security-considerations for suggestions on keeping ChromeDriver safe.
ChromeDriver was started successfully.
[1626932865.695][WARNING]: This version of ChromeDriver has not been tested with Chrome version 91.
Jul 22, 2021 11:17:46 AM org.openqa.selenium.remote.ProtocolHandshake createSession
INFO: Detected dialect: W3C
]]></system-err>
  </testcase>
  <testcase name="testChecoutForSubscriptionOfPhoneNumberUsingGpay_TC0013" classname="org.Adyen.Testscripts.ChecoutForSubscriptionOfPhoneNumberUsingGpay_TC0013" time="80.789">
    <system-out><![CDATA[885345 [main] INFO org.Adyen.utilities.BaseClass  - ....clicked on logout button....
chrome 
890082 [main] INFO org.Adyen.utilities.BaseClass  - .......Chrome browser opened..........
https://staging-app.sonetel.com/ 
906412 [main] INFO org.Adyen.utilities.BaseClass  - .....Url entered...........
906622 [main] INFO org.Adyen.utilities.BaseClass  - .....clicked on maximise button....
Sonetel_QA@sonetel.info 
sonetel 
917322 [main] INFO org.Adyen.utilities.BaseClass  - .....entered email id.........
917693 [main] INFO org.Adyen.utilities.BaseClass  - .....pwd entered.......
923024 [main] INFO org.Adyen.utilities.BaseClass  - .....Login button clicked.......
923026 [main] INFO org.Adyen.utilities.BaseClass  - .....clicked on Settings Link.....
932289 [main] INFO org.Adyen.utilities.BaseClass  - .....clicked on Company settings Link.....
933236 [main] INFO org.Adyen.utilities.BaseClass  - .....clicked on Telephony section.....
934017 [main] INFO org.Adyen.utilities.BaseClass  - .....clicked on Add Link.....
940347 [main] INFO org.Adyen.utilities.BaseClass  - .....clicked On search country.....
New Jersey 
942910 [main] INFO org.Adyen.utilities.BaseClass  - .....Entered country Name.....
945241 [main] INFO org.Adyen.utilities.BaseClass  - .....Clicked On Country Name.....
953227 [main] INFO org.Adyen.utilities.BaseClass  - .....Selected phone Number.....
966204 [main] INFO org.Adyen.utilities.BaseClass  - .....Clicked on Add to cart.....
976589 [main] INFO org.Adyen.utilities.BaseClass  - .....Clicked on Cart Icon.....
981822 [main] INFO org.Adyen.utilities.BaseClass  - .....Clicked on Proceed to checkout button.....
989247 [main] INFO org.Adyen.utilities.BaseClass  - .....Selected Gpay Payment Method.....
991480 [main] INFO org.Adyen.utilities.BaseClass  - .....Clicked on Confirm and Pay now button.....
996482 [main] INFO org.Adyen.utilities.BaseClass  - .....clicked on close link under pop-up.....
[[ChromeDriver: chrome on WINDOWS (80b4b5eeeda3dbc835573034f32a943e)] -> xpath: //div[@class='_2D7kLBR9gPH_c4D2hAZGCw']]
]]></system-out>
    <system-err><![CDATA[Starting ChromeDriver 90.0.4430.24 (4c6d850f087da467d926e8eddb76550aed655991-refs/branch-heads/4430@{#429}) on port 46147
Only local connections are allowed.
Please see https://chromedriver.chromium.org/security-considerations for suggestions on keeping ChromeDriver safe.
ChromeDriver was started successfully.
[1626932936.283][WARNING]: This version of ChromeDriver has not been tested with Chrome version 91.
Jul 22, 2021 11:18:56 AM org.openqa.selenium.remote.ProtocolHandshake createSession
INFO: Detected dialect: W3C
]]></system-err>
  </testcase>
  <testcase name="testValidatingSavedGPayMethod_TC0015" classname="org.Adyen.Testscripts.ValidatingSavedGpayMethod_TC0015" time="14.579">
    <system-out><![CDATA[1006032 [main] INFO org.Adyen.utilities.BaseClass  - ....clicked on logout button....
chrome 
1010742 [main] INFO org.Adyen.utilities.BaseClass  - .......Chrome browser opened..........
https://staging-app.sonetel.com/ 
1022797 [main] INFO org.Adyen.utilities.BaseClass  - .....Url entered...........
1023035 [main] INFO org.Adyen.utilities.BaseClass  - .....clicked on maximise button....
Sonetel_QA@sonetel.info 
sonetel 
1033665 [main] INFO org.Adyen.utilities.BaseClass  - .....entered email id.........
1033996 [main] INFO org.Adyen.utilities.BaseClass  - .....pwd entered.......
1039332 [main] INFO org.Adyen.utilities.BaseClass  - .....Login button clicked.......
1039334 [main] INFO org.Adyen.utilities.BaseClass  - .....clicked on Settings Link.....
1048758 [main] INFO org.Adyen.utilities.BaseClass  - .....clicked on Company settings Link.....
1049746 [main] INFO org.Adyen.utilities.BaseClass  - .....clicked on Billings section.....
1050393 [main] INFO org.Adyen.utilities.BaseClass  - .....clicked on Payment methods section.....
true
Gpay details are saved
]]></system-out>
    <system-err><![CDATA[Starting ChromeDriver 90.0.4430.24 (4c6d850f087da467d926e8eddb76550aed655991-refs/branch-heads/4430@{#429}) on port 35714
Only local connections are allowed.
Please see https://chromedriver.chromium.org/security-considerations for suggestions on keeping ChromeDriver safe.
ChromeDriver was started successfully.
[1626933056.843][WARNING]: This version of ChromeDriver has not been tested with Chrome version 91.
Jul 22, 2021 11:20:56 AM org.openqa.selenium.remote.ProtocolHandshake createSession
INFO: Detected dialect: W3C
]]></system-err>
  </testcase>
  <testcase name="testPurchasingPhonenumber_TC0012" classname="org.Adyen.Testscripts.PurchasingPhonenumber_TC0012" time="55.626">
    <system-out><![CDATA[1056354 [main] INFO org.Adyen.utilities.BaseClass  - ....clicked on logout button....
chrome 
1059095 [main] INFO org.Adyen.utilities.BaseClass  - .......Chrome browser opened..........
https://staging-app.sonetel.com/ 
1073639 [main] INFO org.Adyen.utilities.BaseClass  - .....Url entered...........
1073775 [main] INFO org.Adyen.utilities.BaseClass  - .....clicked on maximise button....
Sonetel_QA@sonetel.info 
sonetel 
1084512 [main] INFO org.Adyen.utilities.BaseClass  - .....entered email id.........
1084869 [main] INFO org.Adyen.utilities.BaseClass  - .....pwd entered.......
1090231 [main] INFO org.Adyen.utilities.BaseClass  - .....Login button clicked.......
1090233 [main] INFO org.Adyen.utilities.BaseClass  - .....clicked on Settings Link.....
1100477 [main] INFO org.Adyen.utilities.BaseClass  - .....clicked on Company settings Link.....
1101239 [main] INFO org.Adyen.utilities.BaseClass  - .....clicked on Telephony section.....
1101669 [main] INFO org.Adyen.utilities.BaseClass  - .....clicked on Add Link.....
1109299 [main] INFO org.Adyen.utilities.BaseClass  - .....clicked On search country.....
New Jersey 
1111969 [main] INFO org.Adyen.utilities.BaseClass  - .....Entered country Name.....
1114291 [main] INFO org.Adyen.utilities.BaseClass  - .....Clicked On Country Name.....
1122438 [main] INFO org.Adyen.utilities.BaseClass  - .....Selected phone Number.....
1124664 [main] INFO org.Adyen.utilities.BaseClass  - .....Clicked on Add to cart.....
1135021 [main] INFO org.Adyen.utilities.BaseClass  - .....Clicked on Cart Icon.....
1138761 [main] INFO org.Adyen.utilities.BaseClass  - .....Clicked on Conform and Pay button.....
Order confirmed
+1 609 1609123456825
Free with Premium
Subtotal
$0.00
Paid
Free
Go to numbers list
Terms & conditions
]]></system-out>
    <system-err><![CDATA[Starting ChromeDriver 90.0.4430.24 (4c6d850f087da467d926e8eddb76550aed655991-refs/branch-heads/4430@{#429}) on port 9512
Only local connections are allowed.
Please see https://chromedriver.chromium.org/security-considerations for suggestions on keeping ChromeDriver safe.
ChromeDriver was started successfully.
[1626933105.132][WARNING]: This version of ChromeDriver has not been tested with Chrome version 91.
Jul 22, 2021 11:21:45 AM org.openqa.selenium.remote.ProtocolHandshake createSession
INFO: Detected dialect: W3C
]]></system-err>
  </testcase>
  <testcase name="testRefillUsingAuthorisedAliPayPaymentMethod_TC0017" classname="org.Adyen.Testscripts.RefillUsingAuthorisedAliPayPaymentMethod_TC0017" time="61.769">
    <system-out><![CDATA[1148131 [main] INFO org.Adyen.utilities.BaseClass  - ....clicked on logout button....
chrome 
1151288 [main] INFO org.Adyen.utilities.BaseClass  - .......Chrome browser opened..........
https://staging-app.sonetel.com/ 
1166361 [main] INFO org.Adyen.utilities.BaseClass  - .....Url entered...........
1166548 [main] INFO org.Adyen.utilities.BaseClass  - .....clicked on maximise button....
Sonetel_QA@sonetel.info 
sonetel 
1177227 [main] INFO org.Adyen.utilities.BaseClass  - .....entered email id.........
1177610 [main] INFO org.Adyen.utilities.BaseClass  - .....pwd entered.......
1182971 [main] INFO org.Adyen.utilities.BaseClass  - .....Login button clicked.......
1182974 [main] INFO org.Adyen.utilities.BaseClass  - .....clicked on Settings Link.....
1193047 [main] INFO org.Adyen.utilities.BaseClass  - .....clicked on Company settings Link.....
1194493 [main] INFO org.Adyen.utilities.BaseClass  - .....clicked on Billings section.....
1195186 [main] INFO org.Adyen.utilities.BaseClass  - .....clicked on Refill Link.....
1206475 [main] INFO org.Adyen.utilities.BaseClass  - .......Clicked on AliPay Button.......
1233446 [main] INFO org.Adyen.utilities.BaseClass  - ....Clicked on Authorised Button.....
1238450 [main] INFO org.Adyen.utilities.BaseClass  - .....clicked on close link under pop-up.....
1240695 [main] INFO org.Adyen.utilities.BaseClass  - .....Getting the current balance.....
Current balance
$5.00
Auto-refill is disabled Change
Notify me when account goes below
$5.00
]]></system-out>
    <system-err><![CDATA[Starting ChromeDriver 90.0.4430.24 (4c6d850f087da467d926e8eddb76550aed655991-refs/branch-heads/4430@{#429}) on port 6565
Only local connections are allowed.
Please see https://chromedriver.chromium.org/security-considerations for suggestions on keeping ChromeDriver safe.
ChromeDriver was started successfully.
[1626933197.385][WARNING]: This version of ChromeDriver has not been tested with Chrome version 91.
Jul 22, 2021 11:23:17 AM org.openqa.selenium.remote.ProtocolHandshake createSession
INFO: Detected dialect: W3C
]]></system-err>
  </testcase>
  <testcase name="testChecoutForSubscriptionOfPhoneNumberUsingAliPayAuthorisedPayment_TC0021" classname="org.Adyen.Testscripts.ChecoutForSubscriptionOfPhoneNumberUsingAliPayAuthorisedPayment_TC0021" time="89.928">
    <system-out><![CDATA[1246991 [main] INFO org.Adyen.utilities.BaseClass  - ....clicked on logout button....
chrome 
1250099 [main] INFO org.Adyen.utilities.BaseClass  - .......Chrome browser opened..........
https://staging-app.sonetel.com/ 
1263186 [main] INFO org.Adyen.utilities.BaseClass  - .....Url entered...........
1263389 [main] INFO org.Adyen.utilities.BaseClass  - .....clicked on maximise button....
Sonetel_QA@sonetel.info 
sonetel 
1274004 [main] INFO org.Adyen.utilities.BaseClass  - .....entered email id.........
1274345 [main] INFO org.Adyen.utilities.BaseClass  - .....pwd entered.......
1279670 [main] INFO org.Adyen.utilities.BaseClass  - .....Login button clicked.......
1279672 [main] INFO org.Adyen.utilities.BaseClass  - .....clicked on Settings Link.....
1289292 [main] INFO org.Adyen.utilities.BaseClass  - .....clicked on Company settings Link.....
1290408 [main] INFO org.Adyen.utilities.BaseClass  - .....clicked on Telephony section.....
1291088 [main] INFO org.Adyen.utilities.BaseClass  - .....clicked on Add Link.....
1295274 [main] INFO org.Adyen.utilities.BaseClass  - .....clicked On search country.....
Adelaide 
1297899 [main] INFO org.Adyen.utilities.BaseClass  - .....Entered Adelaide City Name.....
1300246 [main] INFO org.Adyen.utilities.BaseClass  - .....Clicked On Adelaide City.....
1305602 [main] INFO org.Adyen.utilities.BaseClass  - .....Selected phone Number.....
1318468 [main] INFO org.Adyen.utilities.BaseClass  - .....Clicked on Add to cart.....
1328856 [main] INFO org.Adyen.utilities.BaseClass  - .....Clicked on Cart Icon.....
1334089 [main] INFO org.Adyen.utilities.BaseClass  - .....Clicked on Proceed to checkout button.....
1343794 [main] INFO org.Adyen.utilities.BaseClass  - .....Clicked on Confirm and Pay now button.....
1345991 [main] INFO org.Adyen.utilities.BaseClass  - .......Clicked on AliPay Button.......
1357296 [main] INFO org.Adyen.utilities.BaseClass  - ....Clicked on Authorised Button.....
1362297 [main] INFO org.Adyen.utilities.BaseClass  - .....clicked on close link under pop-up.....
[[ChromeDriver: chrome on WINDOWS (4f23f024a82ba5f8acb7d23fefcffa1b)] -> xpath: //div[contains(@class,'_2D7kLBR9gPH_c4D2hAZGCw')]]
]]></system-out>
    <system-err><![CDATA[Starting ChromeDriver 90.0.4430.24 (4c6d850f087da467d926e8eddb76550aed655991-refs/branch-heads/4430@{#429}) on port 16436
Only local connections are allowed.
Please see https://chromedriver.chromium.org/security-considerations for suggestions on keeping ChromeDriver safe.
ChromeDriver was started successfully.
[1626933296.269][WARNING]: This version of ChromeDriver has not been tested with Chrome version 91.
Jul 22, 2021 11:24:56 AM org.openqa.selenium.remote.ProtocolHandshake createSession
INFO: Detected dialect: W3C
]]></system-err>
  </testcase>
  <testcase name="testRefillUsingAuthorisedDelayedPayments_TC0018" classname="org.Adyen.Testscripts.RefillUsingAuthorisedDelayedPayments_TC0018" time="143.285">
    <system-out><![CDATA[1371849 [main] INFO org.Adyen.utilities.BaseClass  - ....clicked on logout button....
chrome 
1376466 [main] INFO org.Adyen.utilities.BaseClass  - .......Chrome browser opened..........
https://staging-app.sonetel.com/ 
1389930 [main] INFO org.Adyen.utilities.BaseClass  - .....Url entered...........
1390143 [main] INFO org.Adyen.utilities.BaseClass  - .....clicked on maximise button....
Sonetel_QA@sonetel.info 
sonetel 
1400765 [main] INFO org.Adyen.utilities.BaseClass  - .....entered email id.........
1401055 [main] INFO org.Adyen.utilities.BaseClass  - .....pwd entered.......
1406400 [main] INFO org.Adyen.utilities.BaseClass  - .....Login button clicked.......
1406403 [main] INFO org.Adyen.utilities.BaseClass  - .....clicked on Settings Link.....
1416154 [main] INFO org.Adyen.utilities.BaseClass  - .....clicked on Company settings Link.....
1417479 [main] INFO org.Adyen.utilities.BaseClass  - .....clicked on Billings section.....
Current balance
$143.64
Auto-refill is disabled Change
1419668 [main] INFO org.Adyen.utilities.BaseClass  - .....clicked on Refill Link.....
1431648 [main] INFO org.Adyen.utilities.BaseClass  - .......Clicked on AliPay Button.......
1436993 [main] INFO org.Adyen.utilities.BaseClass  - ....Selected time from dropdown.....
1442897 [main] INFO org.Adyen.utilities.BaseClass  - ....Clicked on Pending Authorised Button.....
Well notify you when its done. This may take a few minutes.
1538420 [main] INFO org.Adyen.utilities.BaseClass  - .....clicked on Payment methods section.....
1541051 [main] INFO org.Adyen.utilities.BaseClass  - .....clicked on Prepaid Account section.....
Current balance
$148.64
Auto-refill is disabled Change
]]></system-out>
    <system-err><![CDATA[Starting ChromeDriver 90.0.4430.24 (4c6d850f087da467d926e8eddb76550aed655991-refs/branch-heads/4430@{#429}) on port 18624
Only local connections are allowed.
Please see https://chromedriver.chromium.org/security-considerations for suggestions on keeping ChromeDriver safe.
ChromeDriver was started successfully.
[1626933422.498][WARNING]: This version of ChromeDriver has not been tested with Chrome version 91.
Jul 22, 2021 11:27:02 AM org.openqa.selenium.remote.ProtocolHandshake createSession
INFO: Detected dialect: W3C
]]></system-err>
  </testcase>
  <testcase name="testChecoutForSubscriptionOfPhoneNumberUsingAliPayDelayedPayment_TC0022" classname="org.Adyen.Testscripts.ChecoutForSubscriptionOfPhoneNumberUsingAliPayDelayedPayment_TC0022" time="85.345">
    <failure message="no such element: Unable to locate element: {&quot;method&quot;:&quot;xpath&quot;,&quot;selector&quot;:&quot;//button[contains(text(),&apos;Proceed to checkout&apos;)]&quot;}&#10;  (Session info: chrome=91.0.4472.164)&#10;For documentation on this error, please visit: https://www.seleniumhq.org/exceptions/no_such_element.html&#10;Build info: version: &apos;3.141.59&apos;, revision: &apos;e82be7d358&apos;, time: &apos;2018-11-14T08:17:03&apos;&#10;System info: host: &apos;JNETLAP122&apos;, ip: &apos;192.168.1.53&apos;, os.name: &apos;Windows 8.1&apos;, os.arch: &apos;amd64&apos;, os.version: &apos;6.3&apos;, java.version: &apos;16.0.1&apos;&#10;Driver info: org.openqa.selenium.chrome.ChromeDriver&#10;Capabilities {acceptInsecureCerts: false, browserName: chrome, browserVersion: 91.0.4472.164, chrome: {chromedriverVersion: 90.0.4430.24 (4c6d850f087da..., userDataDir: C:\Users\jnet\AppData\Local...}, goog:chromeOptions: {debuggerAddress: localhost:55181}, javascriptEnabled: true, networkConnectionEnabled: false, pageLoadStrategy: normal, platform: WINDOWS, platformName: WINDOWS, proxy: Proxy(), setWindowRect: true, strictFileInteractability: false, timeouts: {implicit: 0, pageLoad: 300000, script: 30000}, unhandledPromptBehavior: dismiss and notify, webauthn:extension:largeBlob: true, webauthn:virtualAuthenticators: true}&#10;Session ID: 623f54da8bf273a6362743149035d592&#10;*** Element info: {Using=xpath, value=//button[contains(text(),&apos;Proceed to checkout&apos;)]}" type="org.openqa.selenium.NoSuchElementException"><![CDATA[org.openqa.selenium.NoSuchElementException: 
no such element: Unable to locate element: {"method":"xpath","selector":"//button[contains(text(),'Proceed to checkout')]"}
  (Session info: chrome=91.0.4472.164)
For documentation on this error, please visit: https://www.seleniumhq.org/exceptions/no_such_element.html
Build info: version: '3.141.59', revision: 'e82be7d358', time: '2018-11-14T08:17:03'
System info: host: 'JNETLAP122', ip: '192.168.1.53', os.name: 'Windows 8.1', os.arch: 'amd64', os.version: '6.3', java.version: '16.0.1'
Driver info: org.openqa.selenium.chrome.ChromeDriver
Capabilities {acceptInsecureCerts: false, browserName: chrome, browserVersion: 91.0.4472.164, chrome: {chromedriverVersion: 90.0.4430.24 (4c6d850f087da..., userDataDir: C:\Users\jnet\AppData\Local...}, goog:chromeOptions: {debuggerAddress: localhost:55181}, javascriptEnabled: true, networkConnectionEnabled: false, pageLoadStrategy: normal, platform: WINDOWS, platformName: WINDOWS, proxy: Proxy(), setWindowRect: true, strictFileInteractability: false, timeouts: {implicit: 0, pageLoad: 300000, script: 30000}, unhandledPromptBehavior: dismiss and notify, webauthn:extension:largeBlob: true, webauthn:virtualAuthenticators: true}
Session ID: 623f54da8bf273a6362743149035d592
*** Element info: {Using=xpath, value=//button[contains(text(),'Proceed to checkout')]}
	at org.Adyen.Testscripts.ChecoutForSubscriptionOfPhoneNumberUsingAliPayDelayedPayment_TC0022.testChecoutForSubscriptionOfPhoneNumberUsingAliPayDelayedPayment_TC0022(ChecoutForSubscriptionOfPhoneNumberUsingAliPayDelayedPayment_TC0022.java:52)
]]></failure>
    <system-out><![CDATA[1552102 [main] INFO org.Adyen.utilities.BaseClass  - ....clicked on logout button....
chrome 
1555163 [main] INFO org.Adyen.utilities.BaseClass  - .......Chrome browser opened..........
https://staging-app.sonetel.com/ 
1567992 [main] INFO org.Adyen.utilities.BaseClass  - .....Url entered...........
1568227 [main] INFO org.Adyen.utilities.BaseClass  - .....clicked on maximise button....
Sonetel_QA@sonetel.info 
sonetel 
1579041 [main] INFO org.Adyen.utilities.BaseClass  - .....entered email id.........
1579481 [main] INFO org.Adyen.utilities.BaseClass  - .....pwd entered.......
1584804 [main] INFO org.Adyen.utilities.BaseClass  - .....Login button clicked.......
1584807 [main] INFO org.Adyen.utilities.BaseClass  - .....clicked on Settings Link.....
1594320 [main] INFO org.Adyen.utilities.BaseClass  - .....clicked on Company settings Link.....
1595687 [main] INFO org.Adyen.utilities.BaseClass  - .....clicked on Telephony section.....
1595999 [main] INFO org.Adyen.utilities.BaseClass  - .....clicked on Add Link.....
1601941 [main] INFO org.Adyen.utilities.BaseClass  - .....clicked On search country.....
Adelaide 
1604434 [main] INFO org.Adyen.utilities.BaseClass  - .....Entered Adelaide City Name.....
1606726 [main] INFO org.Adyen.utilities.BaseClass  - .....Clicked On Adelaide City.....
1611992 [main] INFO org.Adyen.utilities.BaseClass  - .....Selected phone Number.....
1624808 [main] INFO org.Adyen.utilities.BaseClass  - .....Clicked on Add to cart.....
1635172 [main] INFO org.Adyen.utilities.BaseClass  - .....Clicked on Cart Icon.....
]]></system-out>
    <system-err><![CDATA[Starting ChromeDriver 90.0.4430.24 (4c6d850f087da467d926e8eddb76550aed655991-refs/branch-heads/4430@{#429}) on port 15593
Only local connections are allowed.
Please see https://chromedriver.chromium.org/security-considerations for suggestions on keeping ChromeDriver safe.
ChromeDriver was started successfully.
[1626933601.250][WARNING]: This version of ChromeDriver has not been tested with Chrome version 91.
Jul 22, 2021 11:30:01 AM org.openqa.selenium.remote.ProtocolHandshake createSession
INFO: Detected dialect: W3C
]]></system-err>
  </testcase>
  <testcase name="testCapturingPaymentReceipts_TC0010" classname="org.Adyen.Testscripts.CapturingPaymentReceipts_TC0010" time="21.372">
    <system-out><![CDATA[This line is executed
1672982 [main] INFO org.Adyen.utilities.BaseClass  - ....clicked on logout button....
chrome 
1677704 [main] INFO org.Adyen.utilities.BaseClass  - .......Chrome browser opened..........
https://staging-app.sonetel.com/ 
1690344 [main] INFO org.Adyen.utilities.BaseClass  - .....Url entered...........
1690657 [main] INFO org.Adyen.utilities.BaseClass  - .....clicked on maximise button....
Sonetel_QA@sonetel.info 
sonetel 
1701434 [main] INFO org.Adyen.utilities.BaseClass  - .....entered email id.........
1701747 [main] INFO org.Adyen.utilities.BaseClass  - .....pwd entered.......
1707079 [main] INFO org.Adyen.utilities.BaseClass  - .....Login button clicked.......
1707084 [main] INFO org.Adyen.utilities.BaseClass  - .....clicked on Settings Link.....
1716584 [main] INFO org.Adyen.utilities.BaseClass  - .....clicked on Company settings Link.....
1717989 [main] INFO org.Adyen.utilities.BaseClass  - .....clicked on Billings section.....
1718746 [main] INFO org.Adyen.utilities.BaseClass  - .....clicked on receipts section.....
202107203113245
]]></system-out>
    <system-err><![CDATA[Starting ChromeDriver 90.0.4430.24 (4c6d850f087da467d926e8eddb76550aed655991-refs/branch-heads/4430@{#429}) on port 8467
Only local connections are allowed.
Please see https://chromedriver.chromium.org/security-considerations for suggestions on keeping ChromeDriver safe.
ChromeDriver was started successfully.
[1626933723.781][WARNING]: This version of ChromeDriver has not been tested with Chrome version 91.
Jul 22, 2021 11:32:03 AM org.openqa.selenium.remote.ProtocolHandshake createSession
INFO: Detected dialect: W3C
]]></system-err>
  </testcase>
  <testcase name="testDeleteSavedMasterCardDetails_TC008" classname="org.Adyen.Testscripts.DeleteSavedMasterCardDetails_TC008" time="23.717">
    <system-out><![CDATA[1730717 [main] INFO org.Adyen.utilities.BaseClass  - ....clicked on logout button....
chrome 
1735531 [main] INFO org.Adyen.utilities.BaseClass  - .......Chrome browser opened..........
https://staging-app.sonetel.com/ 
1749667 [main] INFO org.Adyen.utilities.BaseClass  - .....Url entered...........
1749869 [main] INFO org.Adyen.utilities.BaseClass  - .....clicked on maximise button....
Sonetel_QA@sonetel.info 
sonetel 
1760486 [main] INFO org.Adyen.utilities.BaseClass  - .....entered email id.........
1760862 [main] INFO org.Adyen.utilities.BaseClass  - .....pwd entered.......
1766215 [main] INFO org.Adyen.utilities.BaseClass  - .....Login button clicked.......
1766217 [main] INFO org.Adyen.utilities.BaseClass  - .....clicked on Settings Link.....
1775372 [main] INFO org.Adyen.utilities.BaseClass  - .....clicked on Company settings Link.....
1776651 [main] INFO org.Adyen.utilities.BaseClass  - .....clicked on Billings section.....
1777063 [main] INFO org.Adyen.utilities.BaseClass  - .....clicked on Payment methods section.....
1781834 [main] INFO org.Adyen.utilities.BaseClass  - .....Clicked on delete icon link......
1785017 [main] INFO org.Adyen.utilities.BaseClass  - .....Clicked on delete button......
]]></system-out>
    <system-err><![CDATA[Starting ChromeDriver 90.0.4430.24 (4c6d850f087da467d926e8eddb76550aed655991-refs/branch-heads/4430@{#429}) on port 45698
Only local connections are allowed.
Please see https://chromedriver.chromium.org/security-considerations for suggestions on keeping ChromeDriver safe.
ChromeDriver was started successfully.
[1626933781.529][WARNING]: This version of ChromeDriver has not been tested with Chrome version 91.
Jul 22, 2021 11:33:01 AM org.openqa.selenium.remote.ProtocolHandshake createSession
INFO: Detected dialect: W3C
]]></system-err>
  </testcase>
  <testcase name="testDeletingSavedPayPalDetails_TC0011" classname="org.Adyen.Testscripts.DeleteSavedPayPalDetails_TC009" time="26.366">
    <system-out><![CDATA[1792190 [main] INFO org.Adyen.utilities.BaseClass  - ....clicked on logout button....
chrome 
1795174 [main] INFO org.Adyen.utilities.BaseClass  - .......Chrome browser opened..........
https://staging-app.sonetel.com/ 
1807254 [main] INFO org.Adyen.utilities.BaseClass  - .....Url entered...........
1807470 [main] INFO org.Adyen.utilities.BaseClass  - .....clicked on maximise button....
Sonetel_QA@sonetel.info 
sonetel 
1818123 [main] INFO org.Adyen.utilities.BaseClass  - .....entered email id.........
1818510 [main] INFO org.Adyen.utilities.BaseClass  - .....pwd entered.......
1823844 [main] INFO org.Adyen.utilities.BaseClass  - .....Login button clicked.......
1823846 [main] INFO org.Adyen.utilities.BaseClass  - .....clicked on Settings Link.....
1833750 [main] INFO org.Adyen.utilities.BaseClass  - .....clicked on Company settings Link.....
1834717 [main] INFO org.Adyen.utilities.BaseClass  - .....clicked on Billings section.....
1835580 [main] INFO org.Adyen.utilities.BaseClass  - .....clicked on Payment methods section.....
1842023 [main] INFO org.Adyen.utilities.BaseClass  - .....Clicked on delete icon link......
1845301 [main] INFO org.Adyen.utilities.BaseClass  - .....Clicked on delete button......
]]></system-out>
    <system-err><![CDATA[Starting ChromeDriver 90.0.4430.24 (4c6d850f087da467d926e8eddb76550aed655991-refs/branch-heads/4430@{#429}) on port 22473
Only local connections are allowed.
Please see https://chromedriver.chromium.org/security-considerations for suggestions on keeping ChromeDriver safe.
ChromeDriver was started successfully.
[1626933841.094][WARNING]: This version of ChromeDriver has not been tested with Chrome version 91.
Jul 22, 2021 11:34:01 AM org.openqa.selenium.remote.ProtocolHandshake createSession
INFO: Detected dialect: W3C
]]></system-err>
  </testcase>
</testsuite>