<?xml version="1.0" encoding="UTF-8"?>
<testsuite xmlns:xsi="http://www.w3.org/2001/XMLSchema-instance" xsi:noNamespaceSchemaLocation="https://maven.apache.org/surefire/maven-surefire-plugin/xsd/surefire-test-report-3.0.xsd" version="3.0" name="TestSuite" time="1,123.397" tests="15" errors="0" skipped="0" failures="0">
  <properties>
[...]
</properties>
  <testcase name="testRefillUsingMasterCardWithoutSavingDetails_TC001" classname="org.Adyen.Testscripts.RefillUsingMasterCardWithoutSavingDetails_TC001" time="70.569">
    <system-out><![CDATA[chrome 
0 [main] INFO org.Adyen.utilities.BaseClass  - .......Chrome browser opened..........
https://adyen-app.sonetel.com/ 
29914 [main] INFO org.Adyen.utilities.BaseClass  - .....Url entered...........
30154 [main] INFO org.Adyen.utilities.BaseClass  - .....clicked on maximise button....
Lead_Quality@sonetel.info 
sonetel 
31404 [main] INFO org.Adyen.utilities.BaseClass  - .....entered email id.........
31699 [main] INFO org.Adyen.utilities.BaseClass  - .....pwd entered.......
34037 [main] INFO org.Adyen.utilities.BaseClass  - .....Login button clicked.......
34225 [main] INFO org.Adyen.utilities.BaseClass  - .....clicked on Settings Link.....
47849 [main] INFO org.Adyen.utilities.BaseClass  - .....clicked on Company settings Link.....
48471 [main] INFO org.Adyen.utilities.BaseClass  - .....clicked on Billings section.....
49889 [main] INFO org.Adyen.utilities.BaseClass  - .....clicked on Refill Link.....
59905 [main] INFO org.Adyen.utilities.BaseClass  - .....clicked on Creditcard/MasterCard Link.....
62150 [main] INFO org.Adyen.utilities.BaseClass  - .....Entered Card holder name.....
john 
64840 [main] INFO org.Adyen.utilities.BaseClass  - .....Entered Card Number.....
5125860000000006 
67542 [main] INFO org.Adyen.utilities.BaseClass  - .....Entered security code.....
000 
74483 [main] INFO org.Adyen.utilities.BaseClass  - .....clicked on Add button.....
Validation OK
Refilled
$5.00
98581 [main] INFO org.Adyen.utilities.BaseClass  - .....clicked on close link under pop-up.....
100794 [main] INFO org.Adyen.utilities.BaseClass  - .....Getting the current balance.....
Current balance
$16.99
Auto-refill is disabled Change
Notify me when account goes below
$5.00
]]></system-out>
    <system-err><![CDATA[Starting ChromeDriver 90.0.4430.24 (4c6d850f087da467d926e8eddb76550aed655991-refs/branch-heads/4430@{#429}) on port 25111
Only local connections are allowed.
Please see https://chromedriver.chromium.org/security-considerations for suggestions on keeping ChromeDriver safe.
ChromeDriver was started successfully.
[1625051092.555][WARNING]: This version of ChromeDriver has not been tested with Chrome version 91.
Jun 30, 2021 4:34:52 PM org.openqa.selenium.remote.ProtocolHandshake createSession
INFO: Detected dialect: W3C
]]></system-err>
  </testcase>
  <testcase name="testRefillUsingMasterCardWithSavingDetails_TC002" classname="org.Adyen.Testscripts.RefillUsingMasterCardWithSavingDetails_TC002" time="65.627">
    <system-out><![CDATA[107178 [main] INFO org.Adyen.utilities.BaseClass  - ....clicked on logout button....
chrome 
111975 [main] INFO org.Adyen.utilities.BaseClass  - .......Chrome browser opened..........
https://adyen-app.sonetel.com/ 
124864 [main] INFO org.Adyen.utilities.BaseClass  - .....Url entered...........
125224 [main] INFO org.Adyen.utilities.BaseClass  - .....clicked on maximise button....
Lead_Quality@sonetel.info 
sonetel 
127386 [main] INFO org.Adyen.utilities.BaseClass  - .....entered email id.........
127608 [main] INFO org.Adyen.utilities.BaseClass  - .....pwd entered.......
129876 [main] INFO org.Adyen.utilities.BaseClass  - .....Login button clicked.......
129878 [main] INFO org.Adyen.utilities.BaseClass  - .....clicked on Settings Link.....
143021 [main] INFO org.Adyen.utilities.BaseClass  - .....clicked on Company settings Link.....
143811 [main] INFO org.Adyen.utilities.BaseClass  - .....clicked on Billings section.....
145917 [main] INFO org.Adyen.utilities.BaseClass  - .....clicked on Refill Link.....
157339 [main] INFO org.Adyen.utilities.BaseClass  - .....clicked on Creditcard/MasterCard Link.....
159560 [main] INFO org.Adyen.utilities.BaseClass  - .....Entered Card holder name.....
john 
162218 [main] INFO org.Adyen.utilities.BaseClass  - .....Entered Card Number.....
5125860000000006 
164865 [main] INFO org.Adyen.utilities.BaseClass  - .....Entered security code.....
000 
169637 [main] INFO org.Adyen.utilities.BaseClass  - .....clicked on Add button.....
Validation OK
Refilled
$10.00
193230 [main] INFO org.Adyen.utilities.BaseClass  - .....clicked on close link under pop-up.....
195454 [main] INFO org.Adyen.utilities.BaseClass  - .....Getting the current balance.....
Current balance
$26.99
Auto-refill is disabled Change
Notify me when account goes below
$5.00
]]></system-out>
    <system-err><![CDATA[Starting ChromeDriver 90.0.4430.24 (4c6d850f087da467d926e8eddb76550aed655991-refs/branch-heads/4430@{#429}) on port 23495
Only local connections are allowed.
Please see https://chromedriver.chromium.org/security-considerations for suggestions on keeping ChromeDriver safe.
ChromeDriver was started successfully.
[1625051201.397][WARNING]: This version of ChromeDriver has not been tested with Chrome version 91.
Jun 30, 2021 4:36:41 PM org.openqa.selenium.remote.ProtocolHandshake createSession
INFO: Detected dialect: W3C
]]></system-err>
  </testcase>
  <testcase name="testRefillAccountUsingSavedMasterCardDetails_TC003" classname="org.Adyen.Testscripts.RefillAccountUsingSavedMasterCardDetails_TC003" time="27.181">
    <system-out><![CDATA[197824 [main] INFO org.Adyen.utilities.BaseClass  - ....clicked on logout button....
chrome 
200652 [main] INFO org.Adyen.utilities.BaseClass  - .......Chrome browser opened..........
https://adyen-app.sonetel.com/ 
212433 [main] INFO org.Adyen.utilities.BaseClass  - .....Url entered...........
212649 [main] INFO org.Adyen.utilities.BaseClass  - .....clicked on maximise button....
Lead_Quality@sonetel.info 
sonetel 
213664 [main] INFO org.Adyen.utilities.BaseClass  - .....entered email id.........
214040 [main] INFO org.Adyen.utilities.BaseClass  - .....pwd entered.......
216314 [main] INFO org.Adyen.utilities.BaseClass  - .....Login button clicked.......
216319 [main] INFO org.Adyen.utilities.BaseClass  - .....clicked on Settings Link.....
229577 [main] INFO org.Adyen.utilities.BaseClass  - .....clicked on Company settings Link.....
230162 [main] INFO org.Adyen.utilities.BaseClass  - .....clicked on Billings section.....
231378 [main] INFO org.Adyen.utilities.BaseClass  - .....clicked on Refill Link.....
236935 [main] INFO org.Adyen.utilities.BaseClass  - .....clicked under Saved details refill Link.....
Refilled
$50.00
241310 [main] INFO org.Adyen.utilities.BaseClass  - .....clicked on close link under pop-up.....
243558 [main] INFO org.Adyen.utilities.BaseClass  - .....Getting the current balance.....
Current balance
$76.99
Auto-refill is disabled Change
Notify me when account goes below
$5.00
]]></system-out>
    <system-err><![CDATA[Starting ChromeDriver 90.0.4430.24 (4c6d850f087da467d926e8eddb76550aed655991-refs/branch-heads/4430@{#429}) on port 23933
Only local connections are allowed.
Please see https://chromedriver.chromium.org/security-considerations for suggestions on keeping ChromeDriver safe.
ChromeDriver was started successfully.
[1625051289.975][WARNING]: This version of ChromeDriver has not been tested with Chrome version 91.
Jun 30, 2021 4:38:10 PM org.openqa.selenium.remote.ProtocolHandshake createSession
INFO: Detected dialect: W3C
]]></system-err>
  </testcase>
  <testcase name="testRefiilAccountUsingPayPalDetails_TC004" classname="org.Adyen.Testscripts.RefiilAccountUsingPayPalDetails_TC004" time="83.212">
    <system-out><![CDATA[245850 [main] INFO org.Adyen.utilities.BaseClass  - ....clicked on logout button....
chrome 
248701 [main] INFO org.Adyen.utilities.BaseClass  - .......Chrome browser opened..........
https://adyen-app.sonetel.com/ 
259412 [main] INFO org.Adyen.utilities.BaseClass  - .....Url entered...........
259687 [main] INFO org.Adyen.utilities.BaseClass  - .....clicked on maximise button....
Lead_Quality@sonetel.info 
sonetel 
261003 [main] INFO org.Adyen.utilities.BaseClass  - .....entered email id.........
261317 [main] INFO org.Adyen.utilities.BaseClass  - .....pwd entered.......
263577 [main] INFO org.Adyen.utilities.BaseClass  - .....Login button clicked.......
263579 [main] INFO org.Adyen.utilities.BaseClass  - .....clicked on Settings Link.....
276065 [main] INFO org.Adyen.utilities.BaseClass  - .....clicked on Company settings Link.....
276736 [main] INFO org.Adyen.utilities.BaseClass  - .....clicked on Billings section.....
280211 [main] INFO org.Adyen.utilities.BaseClass  - .....clicked on Refill Link.....
290098 [main] INFO org.Adyen.utilities.BaseClass  - .....clicked PayPal Link.....
sntl_b_1346057779_per@xpathy.org 
sntl_buyer1 
Refilled
$5.00
346717 [main] INFO org.Adyen.utilities.BaseClass  - .....clicked on close link under pop-up.....
]]></system-out>
    <system-err><![CDATA[Starting ChromeDriver 90.0.4430.24 (4c6d850f087da467d926e8eddb76550aed655991-refs/branch-heads/4430@{#429}) on port 27573
Only local connections are allowed.
Please see https://chromedriver.chromium.org/security-considerations for suggestions on keeping ChromeDriver safe.
ChromeDriver was started successfully.
[1625051338.013][WARNING]: This version of ChromeDriver has not been tested with Chrome version 91.
Jun 30, 2021 4:38:58 PM org.openqa.selenium.remote.ProtocolHandshake createSession
INFO: Detected dialect: W3C
]]></system-err>
  </testcase>
  <testcase name="testRefillAccountUsingSavedPayPalDetails_TC005" classname="org.Adyen.Testscripts.RefillAccountUsingSavedPayPalDetails_TC005" time="38.433">
    <system-out><![CDATA[349237 [main] INFO org.Adyen.utilities.BaseClass  - ....clicked on logout button....
chrome 
352187 [main] INFO org.Adyen.utilities.BaseClass  - .......Chrome browser opened..........
https://adyen-app.sonetel.com/ 
369737 [main] INFO org.Adyen.utilities.BaseClass  - .....Url entered...........
369962 [main] INFO org.Adyen.utilities.BaseClass  - .....clicked on maximise button....
Lead_Quality@sonetel.info 
sonetel 
370909 [main] INFO org.Adyen.utilities.BaseClass  - .....entered email id.........
371355 [main] INFO org.Adyen.utilities.BaseClass  - .....pwd entered.......
373644 [main] INFO org.Adyen.utilities.BaseClass  - .....Login button clicked.......
373648 [main] INFO org.Adyen.utilities.BaseClass  - .....clicked on Settings Link.....
385642 [main] INFO org.Adyen.utilities.BaseClass  - .....clicked on Company settings Link.....
387150 [main] INFO org.Adyen.utilities.BaseClass  - .....clicked on Billings section.....
387459 [main] INFO org.Adyen.utilities.BaseClass  - .....clicked on Refill Link.....
401044 [main] INFO org.Adyen.utilities.BaseClass  - .....clicked under Saved details refill Link.....
Refilled
$10.00
409898 [main] INFO org.Adyen.utilities.BaseClass  - .....clicked on close link under pop-up.....
412100 [main] INFO org.Adyen.utilities.BaseClass  - .....Getting the current balance.....
Current balance
$91.99
Auto-refill is disabled Change
Notify me when account goes below
$5.00
]]></system-out>
    <system-err><![CDATA[Starting ChromeDriver 90.0.4430.24 (4c6d850f087da467d926e8eddb76550aed655991-refs/branch-heads/4430@{#429}) on port 13129
Only local connections are allowed.
Please see https://chromedriver.chromium.org/security-considerations for suggestions on keeping ChromeDriver safe.
ChromeDriver was started successfully.
[1625051441.531][WARNING]: This version of ChromeDriver has not been tested with Chrome version 91.
Jun 30, 2021 4:40:41 PM org.openqa.selenium.remote.ProtocolHandshake createSession
INFO: Detected dialect: W3C
]]></system-err>
  </testcase>
  <testcase name="testRefillAccountUsingSavedGpayDetails_TC006" classname="org.Adyen.Testscripts.RefillAccountUsingSavedGpayDetails_TC006" time="29.012">
    <system-out><![CDATA[414396 [main] INFO org.Adyen.utilities.BaseClass  - ....clicked on logout button....
chrome 
417497 [main] INFO org.Adyen.utilities.BaseClass  - .......Chrome browser opened..........
https://adyen-app.sonetel.com/ 
573482 [main] INFO org.Adyen.utilities.BaseClass  - .....Url entered...........
573709 [main] INFO org.Adyen.utilities.BaseClass  - .....clicked on maximise button....
Lead_Quality@sonetel.info 
sonetel 
574983 [main] INFO org.Adyen.utilities.BaseClass  - .....entered email id.........
575390 [main] INFO org.Adyen.utilities.BaseClass  - .....pwd entered.......
577701 [main] INFO org.Adyen.utilities.BaseClass  - .....Login button clicked.......
577704 [main] INFO org.Adyen.utilities.BaseClass  - .....clicked on Settings Link.....
588006 [main] INFO org.Adyen.utilities.BaseClass  - .....clicked on Company settings Link.....
590323 [main] INFO org.Adyen.utilities.BaseClass  - .....clicked on Billings section.....
591498 [main] INFO org.Adyen.utilities.BaseClass  - .....clicked on Refill Link.....
594702 [main] INFO org.Adyen.utilities.BaseClass  - .....clicked under Saved details refill Link.....
Refilled
$50.00
599423 [main] INFO org.Adyen.utilities.BaseClass  - .....clicked on close link under pop-up.....
601629 [main] INFO org.Adyen.utilities.BaseClass  - .....Getting the current balance.....
Current balance
$141.99
Auto-refill is disabled Change
Notify me when account goes below
$5.00
]]></system-out>
    <system-err><![CDATA[Starting ChromeDriver 90.0.4430.24 (4c6d850f087da467d926e8eddb76550aed655991-refs/branch-heads/4430@{#429}) on port 26561
Only local connections are allowed.
Please see https://chromedriver.chromium.org/security-considerations for suggestions on keeping ChromeDriver safe.
ChromeDriver was started successfully.
[1625051506.756][WARNING]: This version of ChromeDriver has not been tested with Chrome version 91.
Jun 30, 2021 4:41:47 PM org.openqa.selenium.remote.ProtocolHandshake createSession
INFO: Detected dialect: W3C
]]></system-err>
  </testcase>
  <testcase name="testValidatingMasterCardPaymentMethods" classname="org.Adyen.Testscripts.ValidatingSavedMasterPaymentMethods_TC007" time="18.242">
    <system-out><![CDATA[608965 [main] INFO org.Adyen.utilities.BaseClass  - ....clicked on logout button....
chrome 
612009 [main] INFO org.Adyen.utilities.BaseClass  - .......Chrome browser opened..........
https://adyen-app.sonetel.com/ 
632160 [main] INFO org.Adyen.utilities.BaseClass  - .....Url entered...........
632396 [main] INFO org.Adyen.utilities.BaseClass  - .....clicked on maximise button....
Lead_Quality@sonetel.info 
sonetel 
633317 [main] INFO org.Adyen.utilities.BaseClass  - .....entered email id.........
633813 [main] INFO org.Adyen.utilities.BaseClass  - .....pwd entered.......
636071 [main] INFO org.Adyen.utilities.BaseClass  - .....Login button clicked.......
636073 [main] INFO org.Adyen.utilities.BaseClass  - .....clicked on Settings Link.....
651555 [main] INFO org.Adyen.utilities.BaseClass  - .....clicked on Company settings Link.....
652239 [main] INFO org.Adyen.utilities.BaseClass  - .....clicked on Billings section.....
652908 [main] INFO org.Adyen.utilities.BaseClass  - .....clicked on Payment methods section.....
MasterCard details are saved
]]></system-out>
    <system-err><![CDATA[Starting ChromeDriver 90.0.4430.24 (4c6d850f087da467d926e8eddb76550aed655991-refs/branch-heads/4430@{#429}) on port 33207
Only local connections are allowed.
Please see https://chromedriver.chromium.org/security-considerations for suggestions on keeping ChromeDriver safe.
ChromeDriver was started successfully.
[1625051701.398][WARNING]: This version of ChromeDriver has not been tested with Chrome version 91.
Jun 30, 2021 4:45:01 PM org.openqa.selenium.remote.ProtocolHandshake createSession
INFO: Detected dialect: W3C
]]></system-err>
  </testcase>
  <testcase name="testValidatingPaypalPaymentMethods" classname="org.Adyen.Testscripts.ValidatingSavedPayPalMethod_TC0016" time="15.026">
    <system-out><![CDATA[657004 [main] INFO org.Adyen.utilities.BaseClass  - ....clicked on logout button....
chrome 
661512 [main] INFO org.Adyen.utilities.BaseClass  - .......Chrome browser opened..........
https://adyen-app.sonetel.com/ 
685215 [main] INFO org.Adyen.utilities.BaseClass  - .....Url entered...........
685438 [main] INFO org.Adyen.utilities.BaseClass  - .....clicked on maximise button....
Lead_Quality@sonetel.info 
sonetel 
686494 [main] INFO org.Adyen.utilities.BaseClass  - .....entered email id.........
686860 [main] INFO org.Adyen.utilities.BaseClass  - .....pwd entered.......
689111 [main] INFO org.Adyen.utilities.BaseClass  - .....Login button clicked.......
689113 [main] INFO org.Adyen.utilities.BaseClass  - .....clicked on Settings Link.....
700323 [main] INFO org.Adyen.utilities.BaseClass  - .....clicked on Company settings Link.....
700963 [main] INFO org.Adyen.utilities.BaseClass  - .....clicked on Billings section.....
701596 [main] INFO org.Adyen.utilities.BaseClass  - .....clicked on Payment methods section.....
true
Paypal details are saved
]]></system-out>
    <system-err><![CDATA[Starting ChromeDriver 90.0.4430.24 (4c6d850f087da467d926e8eddb76550aed655991-refs/branch-heads/4430@{#429}) on port 41880
Only local connections are allowed.
Please see https://chromedriver.chromium.org/security-considerations for suggestions on keeping ChromeDriver safe.
ChromeDriver was started successfully.
[1625051750.900][WARNING]: This version of ChromeDriver has not been tested with Chrome version 91.
Jun 30, 2021 4:45:51 PM org.openqa.selenium.remote.ProtocolHandshake createSession
INFO: Detected dialect: W3C
]]></system-err>
  </testcase>
  <testcase name="testValidatingSavedGPayMethod_TC0015" classname="org.Adyen.Testscripts.ValidatingSavedGpayMethod_TC0015" time="15.593">
    <system-out><![CDATA[707569 [main] INFO org.Adyen.utilities.BaseClass  - ....clicked on logout button....
chrome 
712030 [main] INFO org.Adyen.utilities.BaseClass  - .......Chrome browser opened..........
https://adyen-app.sonetel.com/ 
728569 [main] INFO org.Adyen.utilities.BaseClass  - .....Url entered...........
728802 [main] INFO org.Adyen.utilities.BaseClass  - .....clicked on maximise button....
Lead_Quality@sonetel.info 
sonetel 
729627 [main] INFO org.Adyen.utilities.BaseClass  - .....entered email id.........
730219 [main] INFO org.Adyen.utilities.BaseClass  - .....pwd entered.......
732572 [main] INFO org.Adyen.utilities.BaseClass  - .....Login button clicked.......
732575 [main] INFO org.Adyen.utilities.BaseClass  - .....clicked on Settings Link.....
743514 [main] INFO org.Adyen.utilities.BaseClass  - .....clicked on Company settings Link.....
744944 [main] INFO org.Adyen.utilities.BaseClass  - .....clicked on Billings section.....
745276 [main] INFO org.Adyen.utilities.BaseClass  - .....clicked on Payment methods section.....
true
Gpay details are saved
]]></system-out>
    <system-err><![CDATA[Starting ChromeDriver 90.0.4430.24 (4c6d850f087da467d926e8eddb76550aed655991-refs/branch-heads/4430@{#429}) on port 29043
Only local connections are allowed.
Please see https://chromedriver.chromium.org/security-considerations for suggestions on keeping ChromeDriver safe.
ChromeDriver was started successfully.
[1625051801.402][WARNING]: This version of ChromeDriver has not been tested with Chrome version 91.
Jun 30, 2021 4:46:41 PM org.openqa.selenium.remote.ProtocolHandshake createSession
INFO: Detected dialect: W3C
]]></system-err>
  </testcase>
  <testcase name="testDeleteSavedMasterCardDetails_TC008" classname="org.Adyen.Testscripts.DeleteSavedMasterCardDetails_TC008" time="25.098">
    <system-out><![CDATA[751323 [main] INFO org.Adyen.utilities.BaseClass  - ....clicked on logout button....
chrome 
755690 [main] INFO org.Adyen.utilities.BaseClass  - .......Chrome browser opened..........
https://adyen-app.sonetel.com/ 
769827 [main] INFO org.Adyen.utilities.BaseClass  - .....Url entered...........
770136 [main] INFO org.Adyen.utilities.BaseClass  - .....clicked on maximise button....
Lead_Quality@sonetel.info 
sonetel 
771206 [main] INFO org.Adyen.utilities.BaseClass  - .....entered email id.........
771571 [main] INFO org.Adyen.utilities.BaseClass  - .....pwd entered.......
773839 [main] INFO org.Adyen.utilities.BaseClass  - .....Login button clicked.......
773841 [main] INFO org.Adyen.utilities.BaseClass  - .....clicked on Settings Link.....
782131 [main] INFO org.Adyen.utilities.BaseClass  - .....clicked on Company settings Link.....
782709 [main] INFO org.Adyen.utilities.BaseClass  - .....clicked on Billings section.....
783092 [main] INFO org.Adyen.utilities.BaseClass  - .....clicked on Payment methods section.....
790709 [main] INFO org.Adyen.utilities.BaseClass  - .....Clicked on delete icon link......
793984 [main] INFO org.Adyen.utilities.BaseClass  - .....Clicked on delete button......
]]></system-out>
    <system-err><![CDATA[Starting ChromeDriver 90.0.4430.24 (4c6d850f087da467d926e8eddb76550aed655991-refs/branch-heads/4430@{#429}) on port 35886
Only local connections are allowed.
Please see https://chromedriver.chromium.org/security-considerations for suggestions on keeping ChromeDriver safe.
ChromeDriver was started successfully.
[1625051844.961][WARNING]: This version of ChromeDriver has not been tested with Chrome version 91.
Jun 30, 2021 4:47:25 PM org.openqa.selenium.remote.ProtocolHandshake createSession
INFO: Detected dialect: W3C
]]></system-err>
  </testcase>
  <testcase name="testDeletingSavedPayPalDetails_TC0011" classname="org.Adyen.Testscripts.DeleteSavedPayPalDetails_TC009" time="28.584">
    <system-out><![CDATA[801161 [main] INFO org.Adyen.utilities.BaseClass  - ....clicked on logout button....
chrome 
805555 [main] INFO org.Adyen.utilities.BaseClass  - .......Chrome browser opened..........
https://adyen-app.sonetel.com/ 
820244 [main] INFO org.Adyen.utilities.BaseClass  - .....Url entered...........
820464 [main] INFO org.Adyen.utilities.BaseClass  - .....clicked on maximise button....
Lead_Quality@sonetel.info 
sonetel 
821366 [main] INFO org.Adyen.utilities.BaseClass  - .....entered email id.........
821776 [main] INFO org.Adyen.utilities.BaseClass  - .....pwd entered.......
824036 [main] INFO org.Adyen.utilities.BaseClass  - .....Login button clicked.......
824039 [main] INFO org.Adyen.utilities.BaseClass  - .....clicked on Settings Link.....
837614 [main] INFO org.Adyen.utilities.BaseClass  - .....clicked on Company settings Link.....
840015 [main] INFO org.Adyen.utilities.BaseClass  - .....clicked on Billings section.....
840959 [main] INFO org.Adyen.utilities.BaseClass  - .....clicked on Payment methods section.....
844616 [main] INFO org.Adyen.utilities.BaseClass  - .....Clicked on delete icon link......
847796 [main] INFO org.Adyen.utilities.BaseClass  - .....Clicked on delete button......
]]></system-out>
    <system-err><![CDATA[Starting ChromeDriver 90.0.4430.24 (4c6d850f087da467d926e8eddb76550aed655991-refs/branch-heads/4430@{#429}) on port 43572
Only local connections are allowed.
Please see https://chromedriver.chromium.org/security-considerations for suggestions on keeping ChromeDriver safe.
ChromeDriver was started successfully.
[1625051895.080][WARNING]: This version of ChromeDriver has not been tested with Chrome version 91.
Jun 30, 2021 4:48:15 PM org.openqa.selenium.remote.ProtocolHandshake createSession
INFO: Detected dialect: W3C
]]></system-err>
  </testcase>
  <testcase name="testCapturingPaymentReceipts_TC0010" classname="org.Adyen.Testscripts.CapturingPaymentReceipts_TC0010" time="19.905">
    <system-out><![CDATA[854971 [main] INFO org.Adyen.utilities.BaseClass  - ....clicked on logout button....
chrome 
857986 [main] INFO org.Adyen.utilities.BaseClass  - .......Chrome browser opened..........
https://adyen-app.sonetel.com/ 
869535 [main] INFO org.Adyen.utilities.BaseClass  - .....Url entered...........
869786 [main] INFO org.Adyen.utilities.BaseClass  - .....clicked on maximise button....
Lead_Quality@sonetel.info 
sonetel 
870735 [main] INFO org.Adyen.utilities.BaseClass  - .....entered email id.........
871079 [main] INFO org.Adyen.utilities.BaseClass  - .....pwd entered.......
873337 [main] INFO org.Adyen.utilities.BaseClass  - .....Login button clicked.......
873339 [main] INFO org.Adyen.utilities.BaseClass  - .....clicked on Settings Link.....
881923 [main] INFO org.Adyen.utilities.BaseClass  - .....clicked on Company settings Link.....
882844 [main] INFO org.Adyen.utilities.BaseClass  - .....clicked on Billings section.....
884397 [main] INFO org.Adyen.utilities.BaseClass  - .....clicked on receipts section.....
202106181164933
]]></system-out>
    <system-err><![CDATA[Starting ChromeDriver 90.0.4430.24 (4c6d850f087da467d926e8eddb76550aed655991-refs/branch-heads/4430@{#429}) on port 32648
Only local connections are allowed.
Please see https://chromedriver.chromium.org/security-considerations for suggestions on keeping ChromeDriver safe.
ChromeDriver was started successfully.
[1625051947.264][WARNING]: This version of ChromeDriver has not been tested with Chrome version 91.
Jun 30, 2021 4:49:07 PM org.openqa.selenium.remote.ProtocolHandshake createSession
INFO: Detected dialect: W3C
]]></system-err>
  </testcase>
  <testcase name="testDeleteSavedGpayMethodUnerPaymentMethodsSection_TC0011" classname="org.Adyen.Testscripts.DeleteSavedGpayMethodUnderPaymentMethodsSection_TC0011" time="27.121">
    <system-out><![CDATA[895764 [main] INFO org.Adyen.utilities.BaseClass  - ....clicked on logout button....
chrome 
898504 [main] INFO org.Adyen.utilities.BaseClass  - .......Chrome browser opened..........
https://adyen-app.sonetel.com/ 
914322 [main] INFO org.Adyen.utilities.BaseClass  - .....Url entered...........
914550 [main] INFO org.Adyen.utilities.BaseClass  - .....clicked on maximise button....
Lead_Quality@sonetel.info 
sonetel 
915473 [main] INFO org.Adyen.utilities.BaseClass  - .....entered email id.........
915942 [main] INFO org.Adyen.utilities.BaseClass  - .....pwd entered.......
918203 [main] INFO org.Adyen.utilities.BaseClass  - .....Login button clicked.......
918205 [main] INFO org.Adyen.utilities.BaseClass  - .....clicked on Settings Link.....
928687 [main] INFO org.Adyen.utilities.BaseClass  - .....clicked on Company settings Link.....
929362 [main] INFO org.Adyen.utilities.BaseClass  - .....clicked on Billings section.....
929760 [main] INFO org.Adyen.utilities.BaseClass  - .....clicked on Payment methods section.....
934824 [main] INFO org.Adyen.utilities.BaseClass  - .....Clicked on Option link......
937148 [main] INFO org.Adyen.utilities.BaseClass  - .....Clicked on delete icon link......
940380 [main] INFO org.Adyen.utilities.BaseClass  - .....Clicked on delete button......
]]></system-out>
    <system-err><![CDATA[Starting ChromeDriver 90.0.4430.24 (4c6d850f087da467d926e8eddb76550aed655991-refs/branch-heads/4430@{#429}) on port 13575
Only local connections are allowed.
Please see https://chromedriver.chromium.org/security-considerations for suggestions on keeping ChromeDriver safe.
ChromeDriver was started successfully.
[1625051987.795][WARNING]: This version of ChromeDriver has not been tested with Chrome version 91.
Jun 30, 2021 4:49:48 PM org.openqa.selenium.remote.ProtocolHandshake createSession
INFO: Detected dialect: W3C
]]></system-err>
  </testcase>
  <testcase name="testPurchasingPhonenumber_TC0012" classname="org.Adyen.Testscripts.PurchasingPhonenumber_TC0012" time="53.93">
    <system-out><![CDATA[947545 [main] INFO org.Adyen.utilities.BaseClass  - ....clicked on logout button....
chrome 
950619 [main] INFO org.Adyen.utilities.BaseClass  - .......Chrome browser opened..........
https://adyen-app.sonetel.com/ 
963682 [main] INFO org.Adyen.utilities.BaseClass  - .....Url entered...........
963896 [main] INFO org.Adyen.utilities.BaseClass  - .....clicked on maximise button....
Lead_Quality@sonetel.info 
sonetel 
964874 [main] INFO org.Adyen.utilities.BaseClass  - .....entered email id.........
965498 [main] INFO org.Adyen.utilities.BaseClass  - .....pwd entered.......
967801 [main] INFO org.Adyen.utilities.BaseClass  - .....Login button clicked.......
967803 [main] INFO org.Adyen.utilities.BaseClass  - .....clicked on Settings Link.....
978316 [main] INFO org.Adyen.utilities.BaseClass  - .....clicked on Company settings Link.....
979108 [main] INFO org.Adyen.utilities.BaseClass  - .....clicked on Telephony section.....
979894 [main] INFO org.Adyen.utilities.BaseClass  - .....clicked on Add Link.....
986484 [main] INFO org.Adyen.utilities.BaseClass  - .....clicked On search country.....
New Jersey 
989027 [main] INFO org.Adyen.utilities.BaseClass  - .....Entered country Name.....
991356 [main] INFO org.Adyen.utilities.BaseClass  - .....Clicked On Country Name.....
998341 [main] INFO org.Adyen.utilities.BaseClass  - .....Selected phone Number.....
1000562 [main] INFO org.Adyen.utilities.BaseClass  - .....Clicked on Add to cart.....
1010886 [main] INFO org.Adyen.utilities.BaseClass  - .....Clicked on Cart Icon.....
1014594 [main] INFO org.Adyen.utilities.BaseClass  - .....Clicked on Conform and Pay button.....
Order confirmed
+1 609 1609123456837
Free with Premium
Subtotal
$0.00
Paid
Free
Go to numbers list
Terms & conditions
]]></system-out>
    <system-err><![CDATA[Starting ChromeDriver 90.0.4430.24 (4c6d850f087da467d926e8eddb76550aed655991-refs/branch-heads/4430@{#429}) on port 13010
Only local connections are allowed.
Please see https://chromedriver.chromium.org/security-considerations for suggestions on keeping ChromeDriver safe.
ChromeDriver was started successfully.
[1625052040.076][WARNING]: This version of ChromeDriver has not been tested with Chrome version 91.
Jun 30, 2021 4:50:40 PM org.openqa.selenium.remote.ProtocolHandshake createSession
INFO: Detected dialect: W3C
]]></system-err>
  </testcase>
  <testcase name="testChecoutForSubscriptionOfPhoneNumber_TC0013" classname="org.Adyen.Testscripts.ChecoutForSubscriptionOfPhoneNumber_TC0013" time="66.212">
    <system-out><![CDATA[1023951 [main] INFO org.Adyen.utilities.BaseClass  - ....clicked on logout button....
chrome 
1027025 [main] INFO org.Adyen.utilities.BaseClass  - .......Chrome browser opened..........
https://adyen-app.sonetel.com/ 
1041507 [main] INFO org.Adyen.utilities.BaseClass  - .....Url entered...........
1041796 [main] INFO org.Adyen.utilities.BaseClass  - .....clicked on maximise button....
Lead_Quality@sonetel.info 
sonetel 
1043129 [main] INFO org.Adyen.utilities.BaseClass  - .....entered email id.........
1043429 [main] INFO org.Adyen.utilities.BaseClass  - .....pwd entered.......
1045692 [main] INFO org.Adyen.utilities.BaseClass  - .....Login button clicked.......
1045694 [main] INFO org.Adyen.utilities.BaseClass  - .....clicked on Settings Link.....
1054784 [main] INFO org.Adyen.utilities.BaseClass  - .....clicked on Company settings Link.....
1055750 [main] INFO org.Adyen.utilities.BaseClass  - .....clicked on Telephony section.....
1056463 [main] INFO org.Adyen.utilities.BaseClass  - .....clicked on Add Link.....
1060543 [main] INFO org.Adyen.utilities.BaseClass  - .....clicked On search country.....
New Jersey 
1063102 [main] INFO org.Adyen.utilities.BaseClass  - .....Entered country Name.....
1065396 [main] INFO org.Adyen.utilities.BaseClass  - .....Clicked On Country Name.....
1072868 [main] INFO org.Adyen.utilities.BaseClass  - .....Selected phone Number.....
1085947 [main] INFO org.Adyen.utilities.BaseClass  - .....Clicked on Add to cart.....
1096341 [main] INFO org.Adyen.utilities.BaseClass  - .....Clicked on Cart Icon.....
[[ChromeDriver: chrome on WINDOWS (d931a6d3f4d6506cdb287827ae6a78ea)] -> xpath: //div[@class='_2D7kLBR9gPH_c4D2hAZGCw']]
]]></system-out>
    <system-err><![CDATA[Starting ChromeDriver 90.0.4430.24 (4c6d850f087da467d926e8eddb76550aed655991-refs/branch-heads/4430@{#429}) on port 27442
Only local connections are allowed.
Please see https://chromedriver.chromium.org/security-considerations for suggestions on keeping ChromeDriver safe.
ChromeDriver was started successfully.
[1625052116.459][WARNING]: This version of ChromeDriver has not been tested with Chrome version 91.
Jun 30, 2021 4:51:56 PM org.openqa.selenium.remote.ProtocolHandshake createSession
INFO: Detected dialect: W3C
]]></system-err>
  </testcase>
</testsuite>