<?xml version="1.0" encoding="UTF-8"?>
<testng-results ignored="14" total="29" passed="15" failed="0" skipped="0">
  <reporter-output>
  </reporter-output>
  <suite started-at="2021-06-30T16:34:46 IST" name="Suite" finished-at="2021-06-30T16:53:26 IST" duration-ms="1119714">
    <groups>
    </groups>
    <test started-at="2021-06-30T16:34:46 IST" name="Test" finished-at="2021-06-30T16:53:26 IST" duration-ms="1119714">
      <class name="org.Adyen.Testscripts.DeleteSavedPayPalDetails_TC009">
        <test-method is-config="true" signature="Login()[pri:0, instance:org.Adyen.Testscripts.DeleteSavedPayPalDetails_TC009@74e52303]" started-at="2021-06-30T16:48:13 IST" name="Login" finished-at="2021-06-30T16:48:31 IST" duration-ms="18530" status="PASS">
          <reporter-output>
          </reporter-output>
        </test-method> <!-- Login -->
        <test-method signature="testDeletingSavedPayPalDetails_TC0011()[pri:0, instance:org.Adyen.Testscripts.DeleteSavedPayPalDetails_TC009@74e52303]" started-at="2021-06-30T16:48:31 IST" name="testDeletingSavedPayPalDetails_TC0011" finished-at="2021-06-30T16:49:00 IST" duration-ms="28761" status="PASS">
          <reporter-output>
          </reporter-output>
        </test-method> <!-- testDeletingSavedPayPalDetails_TC0011 -->
        <test-method is-config="true" signature="Logout()[pri:0, instance:org.Adyen.Testscripts.DeleteSavedPayPalDetails_TC009@74e52303]" started-at="2021-06-30T16:49:00 IST" name="Logout" finished-at="2021-06-30T16:49:05 IST" duration-ms="5133" status="PASS">
          <reporter-output>
          </reporter-output>
        </test-method> <!-- Logout -->
      </class> <!-- org.Adyen.Testscripts.DeleteSavedPayPalDetails_TC009 -->
      <class name="org.Adyen.Testscripts.ValidatingSavedMasterPaymentMethods_TC007">
        <test-method is-config="true" signature="Login()[pri:0, instance:org.Adyen.Testscripts.ValidatingSavedMasterPaymentMethods_TC007@8dbdac1]" started-at="2021-06-30T16:44:59 IST" name="Login" finished-at="2021-06-30T16:45:23 IST" duration-ms="24121" status="PASS">
          <reporter-output>
          </reporter-output>
        </test-method> <!-- Login -->
        <test-method signature="testValidatingMasterCardPaymentMethods()[pri:0, instance:org.Adyen.Testscripts.ValidatingSavedMasterPaymentMethods_TC007@8dbdac1]" started-at="2021-06-30T16:45:23 IST" name="testValidatingMasterCardPaymentMethods" finished-at="2021-06-30T16:45:42 IST" duration-ms="18314" status="PASS">
          <reporter-output>
          </reporter-output>
        </test-method> <!-- testValidatingMasterCardPaymentMethods -->
        <test-method is-config="true" signature="Logout()[pri:0, instance:org.Adyen.Testscripts.ValidatingSavedMasterPaymentMethods_TC007@8dbdac1]" started-at="2021-06-30T16:45:42 IST" name="Logout" finished-at="2021-06-30T16:45:49 IST" duration-ms="7069" status="PASS">
          <reporter-output>
          </reporter-output>
        </test-method> <!-- Logout -->
      </class> <!-- org.Adyen.Testscripts.ValidatingSavedMasterPaymentMethods_TC007 -->
      <class name="org.Adyen.Testscripts.RefiilAccountUsingPayPalDetails_TC004">
        <test-method is-config="true" signature="Login()[pri:0, instance:org.Adyen.Testscripts.RefiilAccountUsingPayPalDetails_TC004@6dc17b83]" started-at="2021-06-30T16:38:56 IST" name="Login" finished-at="2021-06-30T16:39:11 IST" duration-ms="14951" status="PASS">
          <reporter-output>
          </reporter-output>
        </test-method> <!-- Login -->
        <test-method signature="testRefiilAccountUsingPayPalDetails_TC004()[pri:0, instance:org.Adyen.Testscripts.RefiilAccountUsingPayPalDetails_TC004@6dc17b83]" started-at="2021-06-30T16:39:11 IST" name="testRefiilAccountUsingPayPalDetails_TC004" finished-at="2021-06-30T16:40:34 IST" duration-ms="83377" status="PASS">
          <reporter-output>
          </reporter-output>
        </test-method> <!-- testRefiilAccountUsingPayPalDetails_TC004 -->
        <test-method is-config="true" signature="Logout()[pri:0, instance:org.Adyen.Testscripts.RefiilAccountUsingPayPalDetails_TC004@6dc17b83]" started-at="2021-06-30T16:40:34 IST" name="Logout" finished-at="2021-06-30T16:40:39 IST" duration-ms="5165" status="PASS">
          <reporter-output>
          </reporter-output>
        </test-method> <!-- Logout -->
      </class> <!-- org.Adyen.Testscripts.RefiilAccountUsingPayPalDetails_TC004 -->
      <class name="org.Adyen.Testscripts.ValidatingSavedPayPalMethod_TC0016">
        <test-method is-config="true" signature="Login()[pri:0, instance:org.Adyen.Testscripts.ValidatingSavedPayPalMethod_TC0016@3ce1e309]" started-at="2021-06-30T16:45:49 IST" name="Login" finished-at="2021-06-30T16:46:16 IST" duration-ms="27653" status="PASS">
          <reporter-output>
          </reporter-output>
        </test-method> <!-- Login -->
        <test-method signature="testValidatingPaypalPaymentMethods()[pri:0, instance:org.Adyen.Testscripts.ValidatingSavedPayPalMethod_TC0016@3ce1e309]" started-at="2021-06-30T16:46:16 IST" name="testValidatingPaypalPaymentMethods" finished-at="2021-06-30T16:46:32 IST" duration-ms="15084" status="PASS">
          <reporter-output>
          </reporter-output>
        </test-method> <!-- testValidatingPaypalPaymentMethods -->
        <test-method is-config="true" signature="Logout()[pri:0, instance:org.Adyen.Testscripts.ValidatingSavedPayPalMethod_TC0016@3ce1e309]" started-at="2021-06-30T16:46:32 IST" name="Logout" finished-at="2021-06-30T16:46:39 IST" duration-ms="7779" status="PASS">
          <reporter-output>
          </reporter-output>
        </test-method> <!-- Logout -->
      </class> <!-- org.Adyen.Testscripts.ValidatingSavedPayPalMethod_TC0016 -->
      <class name="org.Adyen.Testscripts.ChecoutForSubscriptionOfPhoneNumber_TC0013">
        <test-method is-config="true" signature="Login()[pri:0, instance:org.Adyen.Testscripts.ChecoutForSubscriptionOfPhoneNumber_TC0013@661972b0]" started-at="2021-06-30T16:51:54 IST" name="Login" finished-at="2021-06-30T16:52:13 IST" duration-ms="18712" status="PASS">
          <reporter-output>
          </reporter-output>
        </test-method> <!-- Login -->
        <test-method signature="testChecoutForSubscriptionOfPhoneNumber_TC0013()[pri:0, instance:org.Adyen.Testscripts.ChecoutForSubscriptionOfPhoneNumber_TC0013@661972b0]" started-at="2021-06-30T16:52:13 IST" name="testChecoutForSubscriptionOfPhoneNumber_TC0013" finished-at="2021-06-30T16:53:19 IST" duration-ms="66252" status="PASS">
          <reporter-output>
          </reporter-output>
        </test-method> <!-- testChecoutForSubscriptionOfPhoneNumber_TC0013 -->
        <test-method is-config="true" signature="Logout()[pri:0, instance:org.Adyen.Testscripts.ChecoutForSubscriptionOfPhoneNumber_TC0013@661972b0]" started-at="2021-06-30T16:53:19 IST" name="Logout" finished-at="2021-06-30T16:53:26 IST" duration-ms="6565" status="PASS">
          <reporter-output>
          </reporter-output>
        </test-method> <!-- Logout -->
      </class> <!-- org.Adyen.Testscripts.ChecoutForSubscriptionOfPhoneNumber_TC0013 -->
      <class name="org.Adyen.Testscripts.RefillAccountUsingSavedMasterCardDetails_TC003">
        <test-method is-config="true" signature="Login()[pri:0, instance:org.Adyen.Testscripts.RefillAccountUsingSavedMasterCardDetails_TC003@5fdcaa40]" started-at="2021-06-30T16:38:08 IST" name="Login" finished-at="2021-06-30T16:38:24 IST" duration-ms="15745" status="PASS">
          <reporter-output>
          </reporter-output>
        </test-method> <!-- Login -->
        <test-method signature="testRefillAccountUsingSavedMasterCardDetails_TC003()[pri:0, instance:org.Adyen.Testscripts.RefillAccountUsingSavedMasterCardDetails_TC003@5fdcaa40]" started-at="2021-06-30T16:38:24 IST" name="testRefillAccountUsingSavedMasterCardDetails_TC003" finished-at="2021-06-30T16:38:51 IST" duration-ms="27349" status="PASS">
          <reporter-output>
          </reporter-output>
        </test-method> <!-- testRefillAccountUsingSavedMasterCardDetails_TC003 -->
        <test-method is-config="true" signature="Logout()[pri:0, instance:org.Adyen.Testscripts.RefillAccountUsingSavedMasterCardDetails_TC003@5fdcaa40]" started-at="2021-06-30T16:38:51 IST" name="Logout" finished-at="2021-06-30T16:38:56 IST" duration-ms="4957" status="PASS">
          <reporter-output>
          </reporter-output>
        </test-method> <!-- Logout -->
      </class> <!-- org.Adyen.Testscripts.RefillAccountUsingSavedMasterCardDetails_TC003 -->
      <class name="org.Adyen.Testscripts.ValidatingSavedGpayMethod_TC0015">
        <test-method is-config="true" signature="Login()[pri:0, instance:org.Adyen.Testscripts.ValidatingSavedGpayMethod_TC0015@6aba2b86]" started-at="2021-06-30T16:46:39 IST" name="Login" finished-at="2021-06-30T16:47:00 IST" duration-ms="20596" status="PASS">
          <reporter-output>
          </reporter-output>
        </test-method> <!-- Login -->
        <test-method signature="testValidatingSavedGPayMethod_TC0015()[pri:0, instance:org.Adyen.Testscripts.ValidatingSavedGpayMethod_TC0015@6aba2b86]" started-at="2021-06-30T16:47:00 IST" name="testValidatingSavedGPayMethod_TC0015" finished-at="2021-06-30T16:47:16 IST" duration-ms="15737" status="PASS">
          <reporter-output>
          </reporter-output>
        </test-method> <!-- testValidatingSavedGPayMethod_TC0015 -->
        <test-method is-config="true" signature="Logout()[pri:0, instance:org.Adyen.Testscripts.ValidatingSavedGpayMethod_TC0015@6aba2b86]" started-at="2021-06-30T16:47:16 IST" name="Logout" finished-at="2021-06-30T16:47:23 IST" duration-ms="7327" status="PASS">
          <reporter-output>
          </reporter-output>
        </test-method> <!-- Logout -->
      </class> <!-- org.Adyen.Testscripts.ValidatingSavedGpayMethod_TC0015 -->
      <class name="org.Adyen.Testscripts.CapturingPaymentReceipts_TC0010">
        <test-method is-config="true" signature="Login()[pri:0, instance:org.Adyen.Testscripts.CapturingPaymentReceipts_TC0010@47af7f3d]" started-at="2021-06-30T16:49:05 IST" name="Login" finished-at="2021-06-30T16:49:21 IST" duration-ms="15404" status="PASS">
          <reporter-output>
          </reporter-output>
        </test-method> <!-- Login -->
        <test-method signature="testCapturingPaymentReceipts_TC0010()[pri:0, instance:org.Adyen.Testscripts.CapturingPaymentReceipts_TC0010@47af7f3d]" started-at="2021-06-30T16:49:21 IST" name="testCapturingPaymentReceipts_TC0010" finished-at="2021-06-30T16:49:41 IST" duration-ms="19967" status="PASS">
          <reporter-output>
          </reporter-output>
        </test-method> <!-- testCapturingPaymentReceipts_TC0010 -->
        <test-method is-config="true" signature="Logout()[pri:0, instance:org.Adyen.Testscripts.CapturingPaymentReceipts_TC0010@47af7f3d]" started-at="2021-06-30T16:49:41 IST" name="Logout" finished-at="2021-06-30T16:49:46 IST" duration-ms="5148" status="PASS">
          <reporter-output>
          </reporter-output>
        </test-method> <!-- Logout -->
      </class> <!-- org.Adyen.Testscripts.CapturingPaymentReceipts_TC0010 -->
      <class name="org.Adyen.Testscripts.DeleteSavedMasterCardDetails_TC008">
        <test-method is-config="true" signature="Login()[pri:0, instance:org.Adyen.Testscripts.DeleteSavedMasterCardDetails_TC008@158da8e]" started-at="2021-06-30T16:47:23 IST" name="Login" finished-at="2021-06-30T16:47:41 IST" duration-ms="18198" status="PASS">
          <reporter-output>
          </reporter-output>
        </test-method> <!-- Login -->
        <test-method signature="testDeleteSavedMasterCardDetails_TC008()[pri:0, instance:org.Adyen.Testscripts.DeleteSavedMasterCardDetails_TC008@158da8e]" started-at="2021-06-30T16:47:41 IST" name="testDeleteSavedMasterCardDetails_TC008" finished-at="2021-06-30T16:48:06 IST" duration-ms="25145" status="PASS">
          <reporter-output>
          </reporter-output>
        </test-method> <!-- testDeleteSavedMasterCardDetails_TC008 -->
        <test-method is-config="true" signature="Logout()[pri:0, instance:org.Adyen.Testscripts.DeleteSavedMasterCardDetails_TC008@158da8e]" started-at="2021-06-30T16:48:06 IST" name="Logout" finished-at="2021-06-30T16:48:13 IST" duration-ms="6519" status="PASS">
          <reporter-output>
          </reporter-output>
        </test-method> <!-- Logout -->
      </class> <!-- org.Adyen.Testscripts.DeleteSavedMasterCardDetails_TC008 -->
      <class name="org.Adyen.Testscripts.RefillUsingMasterCardWithSavingDetails_TC002">
        <test-method is-config="true" signature="Login()[pri:0, instance:org.Adyen.Testscripts.RefillUsingMasterCardWithSavingDetails_TC002@15ff3e9e]" started-at="2021-06-30T16:36:39 IST" name="Login" finished-at="2021-06-30T16:36:57 IST" duration-ms="18011" status="PASS">
          <reporter-output>
          </reporter-output>
        </test-method> <!-- Login -->
        <test-method signature="testRefillUsingMasterCardWithSavingDetails_TC002()[pri:0, instance:org.Adyen.Testscripts.RefillUsingMasterCardWithSavingDetails_TC002@15ff3e9e]" started-at="2021-06-30T16:36:57 IST" name="testRefillUsingMasterCardWithSavingDetails_TC002" finished-at="2021-06-30T16:38:03 IST" duration-ms="65695" status="PASS">
          <reporter-output>
          </reporter-output>
        </test-method> <!-- testRefillUsingMasterCardWithSavingDetails_TC002 -->
        <test-method is-config="true" signature="Logout()[pri:0, instance:org.Adyen.Testscripts.RefillUsingMasterCardWithSavingDetails_TC002@15ff3e9e]" started-at="2021-06-30T16:38:03 IST" name="Logout" finished-at="2021-06-30T16:38:08 IST" duration-ms="4995" status="PASS">
          <reporter-output>
          </reporter-output>
        </test-method> <!-- Logout -->
      </class> <!-- org.Adyen.Testscripts.RefillUsingMasterCardWithSavingDetails_TC002 -->
      <class name="org.Adyen.Testscripts.DeleteSavedGpayMethodUnderPaymentMethodsSection_TC0011">
        <test-method is-config="true" signature="Login()[pri:0, instance:org.Adyen.Testscripts.DeleteSavedGpayMethodUnderPaymentMethodsSection_TC0011@7c729a55]" started-at="2021-06-30T16:49:46 IST" name="Login" finished-at="2021-06-30T16:50:06 IST" duration-ms="19748" status="PASS">
          <reporter-output>
          </reporter-output>
        </test-method> <!-- Login -->
        <test-method signature="testDeleteSavedGpayMethodUnerPaymentMethodsSection_TC0011()[pri:0, instance:org.Adyen.Testscripts.DeleteSavedGpayMethodUnderPaymentMethodsSection_TC0011@7c729a55]" started-at="2021-06-30T16:50:06 IST" name="testDeleteSavedGpayMethodUnerPaymentMethodsSection_TC0011" finished-at="2021-06-30T16:50:33 IST" duration-ms="27178" status="PASS">
          <reporter-output>
          </reporter-output>
        </test-method> <!-- testDeleteSavedGpayMethodUnerPaymentMethodsSection_TC0011 -->
        <test-method is-config="true" signature="Logout()[pri:0, instance:org.Adyen.Testscripts.DeleteSavedGpayMethodUnderPaymentMethodsSection_TC0011@7c729a55]" started-at="2021-06-30T16:50:33 IST" name="Logout" finished-at="2021-06-30T16:50:38 IST" duration-ms="5167" status="PASS">
          <reporter-output>
          </reporter-output>
        </test-method> <!-- Logout -->
      </class> <!-- org.Adyen.Testscripts.DeleteSavedGpayMethodUnderPaymentMethodsSection_TC0011 -->
      <class name="org.Adyen.Testscripts.RefillAccountUsingSavedGpayDetails_TC006">
        <test-method is-config="true" signature="Login()[pri:0, instance:org.Adyen.Testscripts.RefillAccountUsingSavedGpayDetails_TC006@32eff876]" started-at="2021-06-30T16:41:45 IST" name="Login" finished-at="2021-06-30T16:44:25 IST" duration-ms="160269" status="PASS">
          <reporter-output>
          </reporter-output>
        </test-method> <!-- Login -->
        <test-method signature="testRefillAccountUsingSavedGpayDetails_TC006()[pri:0, instance:org.Adyen.Testscripts.RefillAccountUsingSavedGpayDetails_TC006@32eff876]" started-at="2021-06-30T16:44:25 IST" name="testRefillAccountUsingSavedGpayDetails_TC006" finished-at="2021-06-30T16:44:54 IST" duration-ms="29040" status="PASS">
          <reporter-output>
          </reporter-output>
        </test-method> <!-- testRefillAccountUsingSavedGpayDetails_TC006 -->
        <test-method is-config="true" signature="Logout()[pri:0, instance:org.Adyen.Testscripts.RefillAccountUsingSavedGpayDetails_TC006@32eff876]" started-at="2021-06-30T16:44:54 IST" name="Logout" finished-at="2021-06-30T16:44:59 IST" duration-ms="5205" status="PASS">
          <reporter-output>
          </reporter-output>
        </test-method> <!-- Logout -->
      </class> <!-- org.Adyen.Testscripts.RefillAccountUsingSavedGpayDetails_TC006 -->
      <class name="org.Adyen.Testscripts.RefillUsingMasterCardWithoutSavingDetails_TC001">
        <test-method is-config="true" signature="OpenBrowser()[pri:0, instance:org.Adyen.Testscripts.RefillUsingMasterCardWithoutSavingDetails_TC001@1d9b7cce]" started-at="2021-06-30T16:34:46 IST" name="OpenBrowser" finished-at="2021-06-30T16:34:46 IST" duration-ms="16" status="PASS">
          <reporter-output>
          </reporter-output>
        </test-method> <!-- OpenBrowser -->
        <test-method is-config="true" signature="Login()[pri:0, instance:org.Adyen.Testscripts.RefillUsingMasterCardWithoutSavingDetails_TC001@1d9b7cce]" started-at="2021-06-30T16:34:46 IST" name="Login" finished-at="2021-06-30T16:35:21 IST" duration-ms="34927" status="PASS">
          <reporter-output>
          </reporter-output>
        </test-method> <!-- Login -->
        <test-method signature="testRefillUsingMasterCardWithoutSavingDetails_TC001()[pri:0, instance:org.Adyen.Testscripts.RefillUsingMasterCardWithoutSavingDetails_TC001@1d9b7cce]" started-at="2021-06-30T16:35:21 IST" name="testRefillUsingMasterCardWithoutSavingDetails_TC001" finished-at="2021-06-30T16:36:32 IST" duration-ms="70818" status="PASS">
          <reporter-output>
          </reporter-output>
        </test-method> <!-- testRefillUsingMasterCardWithoutSavingDetails_TC001 -->
        <test-method is-config="true" signature="Logout()[pri:0, instance:org.Adyen.Testscripts.RefillUsingMasterCardWithoutSavingDetails_TC001@1d9b7cce]" started-at="2021-06-30T16:36:32 IST" name="Logout" finished-at="2021-06-30T16:36:39 IST" duration-ms="6902" status="PASS">
          <reporter-output>
          </reporter-output>
        </test-method> <!-- Logout -->
      </class> <!-- org.Adyen.Testscripts.RefillUsingMasterCardWithoutSavingDetails_TC001 -->
      <class name="org.Adyen.Testscripts.RefillAccountUsingSavedPayPalDetails_TC005">
        <test-method is-config="true" signature="Login()[pri:0, instance:org.Adyen.Testscripts.RefillAccountUsingSavedPayPalDetails_TC005@5e0826e7]" started-at="2021-06-30T16:40:39 IST" name="Login" finished-at="2021-06-30T16:41:01 IST" duration-ms="21524" status="PASS">
          <reporter-output>
          </reporter-output>
        </test-method> <!-- Login -->
        <test-method signature="testRefillAccountUsingSavedPayPalDetails_TC005()[pri:0, instance:org.Adyen.Testscripts.RefillAccountUsingSavedPayPalDetails_TC005@5e0826e7]" started-at="2021-06-30T16:41:01 IST" name="testRefillAccountUsingSavedPayPalDetails_TC005" finished-at="2021-06-30T16:41:40 IST" duration-ms="38560" status="PASS">
          <reporter-output>
          </reporter-output>
        </test-method> <!-- testRefillAccountUsingSavedPayPalDetails_TC005 -->
        <test-method is-config="true" signature="Logout()[pri:0, instance:org.Adyen.Testscripts.RefillAccountUsingSavedPayPalDetails_TC005@5e0826e7]" started-at="2021-06-30T16:41:40 IST" name="Logout" finished-at="2021-06-30T16:41:45 IST" duration-ms="5224" status="PASS">
          <reporter-output>
          </reporter-output>
        </test-method> <!-- Logout -->
      </class> <!-- org.Adyen.Testscripts.RefillAccountUsingSavedPayPalDetails_TC005 -->
      <class name="org.Adyen.Testscripts.PurchasingPhonenumber_TC0012">
        <test-method is-config="true" signature="Login()[pri:0, instance:org.Adyen.Testscripts.PurchasingPhonenumber_TC0012@3bb9a3ff]" started-at="2021-06-30T16:50:38 IST" name="Login" finished-at="2021-06-30T16:50:55 IST" duration-ms="17251" status="PASS">
          <reporter-output>
          </reporter-output>
        </test-method> <!-- Login -->
        <test-method signature="testPurchasingPhonenumber_TC0012()[pri:0, instance:org.Adyen.Testscripts.PurchasingPhonenumber_TC0012@3bb9a3ff]" started-at="2021-06-30T16:50:55 IST" name="testPurchasingPhonenumber_TC0012" finished-at="2021-06-30T16:51:49 IST" duration-ms="53953" status="PASS">
          <reporter-output>
          </reporter-output>
        </test-method> <!-- testPurchasingPhonenumber_TC0012 -->
        <test-method is-config="true" signature="Logout()[pri:0, instance:org.Adyen.Testscripts.PurchasingPhonenumber_TC0012@3bb9a3ff]" started-at="2021-06-30T16:51:49 IST" name="Logout" finished-at="2021-06-30T16:51:54 IST" duration-ms="5223" status="PASS">
          <reporter-output>
          </reporter-output>
        </test-method> <!-- Logout -->
      </class> <!-- org.Adyen.Testscripts.PurchasingPhonenumber_TC0012 -->
    </test> <!-- Test -->
  </suite> <!-- Suite -->
</testng-results>
