<?xml version="1.0" encoding="UTF-8"?>
<testng-results ignored="0" total="1" passed="1" failed="0" skipped="0">
  <reporter-output>
  </reporter-output>
  <suite started-at="2021-06-22T12:12:30 IST" name="Default suite" finished-at="2021-06-22T12:13:24 IST" duration-ms="53733">
    <groups>
    </groups>
    <test started-at="2021-06-22T12:12:30 IST" name="Default test" finished-at="2021-06-22T12:13:24 IST" duration-ms="53733">
      <class name="org.Adyen.Testscripts.ConvertingAccountFromFreeToPremium_TC0014">
        <test-method is-config="true" signature="OpenBrowser()[pri:0, instance:org.Adyen.Testscripts.ConvertingAccountFromFreeToPremium_TC0014@47af7f3d]" started-at="2021-06-22T12:12:30 IST" name="OpenBrowser" finished-at="2021-06-22T12:12:30 IST" duration-ms="21" status="PASS">
          <reporter-output>
          </reporter-output>
        </test-method> <!-- OpenBrowser -->
        <test-method is-config="true" signature="Login()[pri:0, instance:org.Adyen.Testscripts.ConvertingAccountFromFreeToPremium_TC0014@47af7f3d]" started-at="2021-06-22T12:12:30 IST" name="Login" finished-at="2021-06-22T12:12:45 IST" duration-ms="15450" status="PASS">
          <reporter-output>
          </reporter-output>
        </test-method> <!-- Login -->
        <test-method signature="testConvertingAccountFromFreeToPremium_TC0014()[pri:0, instance:org.Adyen.Testscripts.ConvertingAccountFromFreeToPremium_TC0014@47af7f3d]" started-at="2021-06-22T12:12:45 IST" name="testConvertingAccountFromFreeToPremium_TC0014" finished-at="2021-06-22T12:13:18 IST" duration-ms="32846" status="PASS">
          <reporter-output>
          </reporter-output>
        </test-method> <!-- testConvertingAccountFromFreeToPremium_TC0014 -->
        <test-method is-config="true" signature="Logout()[pri:0, instance:org.Adyen.Testscripts.ConvertingAccountFromFreeToPremium_TC0014@47af7f3d]" started-at="2021-06-22T12:13:18 IST" name="Logout" finished-at="2021-06-22T12:13:24 IST" duration-ms="5359" status="PASS">
          <reporter-output>
          </reporter-output>
        </test-method> <!-- Logout -->
      </class> <!-- org.Adyen.Testscripts.ConvertingAccountFromFreeToPremium_TC0014 -->
    </test> <!-- Default test -->
  </suite> <!-- Default suite -->
</testng-results>
