<?xml version="1.0" encoding="UTF-8"?>
<testng-results ignored="0" total="1" passed="1" failed="0" skipped="0">
  <reporter-output>
  </reporter-output>
  <suite started-at="2021-07-13T11:44:58 IST" name="Default suite" finished-at="2021-07-13T11:46:51 IST" duration-ms="112148">
    <groups>
    </groups>
    <test started-at="2021-07-13T11:44:58 IST" name="Default test" finished-at="2021-07-13T11:46:51 IST" duration-ms="112148">
      <class name="org.Adyen.Testscripts.ChecoutForSubscriptionOfPhoneNumberUsingMasterCard_TC0019">
        <test-method is-config="true" signature="OpenBrowser()[pri:0, instance:org.Adyen.Testscripts.ChecoutForSubscriptionOfPhoneNumberUsingMasterCard_TC0019@47af7f3d]" started-at="2021-07-13T11:44:58 IST" name="OpenBrowser" finished-at="2021-07-13T11:44:58 IST" duration-ms="27" status="PASS">
          <reporter-output>
          </reporter-output>
        </test-method> <!-- OpenBrowser -->
        <test-method is-config="true" signature="Login()[pri:0, instance:org.Adyen.Testscripts.ChecoutForSubscriptionOfPhoneNumberUsingMasterCard_TC0019@47af7f3d]" started-at="2021-07-13T11:44:58 IST" name="Login" finished-at="2021-07-13T11:45:23 IST" duration-ms="24476" status="PASS">
          <reporter-output>
          </reporter-output>
        </test-method> <!-- Login -->
        <test-method signature="testChecoutForSubscriptionOfPhoneNumberUsingMasterCard_TC0019()[pri:0, instance:org.Adyen.Testscripts.ChecoutForSubscriptionOfPhoneNumberUsingMasterCard_TC0019@47af7f3d]" started-at="2021-07-13T11:45:23 IST" name="testChecoutForSubscriptionOfPhoneNumberUsingMasterCard_TC0019" finished-at="2021-07-13T11:46:45 IST" duration-ms="82218" status="PASS">
          <reporter-output>
          </reporter-output>
        </test-method> <!-- testChecoutForSubscriptionOfPhoneNumberUsingMasterCard_TC0019 -->
        <test-method is-config="true" signature="Logout()[pri:0, instance:org.Adyen.Testscripts.ChecoutForSubscriptionOfPhoneNumberUsingMasterCard_TC0019@47af7f3d]" started-at="2021-07-13T11:46:45 IST" name="Logout" finished-at="2021-07-13T11:46:51 IST" duration-ms="5377" status="PASS">
          <reporter-output>
          </reporter-output>
        </test-method> <!-- Logout -->
      </class> <!-- org.Adyen.Testscripts.ChecoutForSubscriptionOfPhoneNumberUsingMasterCard_TC0019 -->
    </test> <!-- Default test -->
  </suite> <!-- Default suite -->
</testng-results>
